#
# A fatal error has been detected by the Java Runtime Environment:
#
#  SIGSEGV (0xb) at pc=0x00007fc37bbbf8a5, pid=31702, tid=0x00007fc37b5da700
#
# JRE version: Java(TM) SE Runtime Environment (8.0_181-b13) (build 1.8.0_181-b13)
# Java VM: Java HotSpot(TM) 64-Bit Server VM (25.181-b13 mixed mode linux-amd64 compressed oops)
# Problematic frame:
# V  [libjvm.so+0x4578a5]  ClassFileParser::check_final_method_override(instanceKlassHandle, Thread*)+0x75
#
# Failed to write core dump. Core dumps have been disabled. To enable core dumping, try "ulimit -c unlimited" before starting Java again
#
# If you would like to submit a bug report, please visit:
#   http://bugreport.java.com/bugreport/crash.jsp
#

---------------  T H R E A D  ---------------

Current thread (0x00007fc37400b000):  JavaThread "main" [_thread_in_vm, id=31713, stack(0x00007fc37b4db000,0x00007fc37b5db000)]

siginfo: si_signo: 11 (SIGSEGV), si_code: 128 (SI_KERNEL), si_addr: 0x0000000000000000

Registers:
RAX=0x000000000000000c, RBX=0x0000000000000020, RCX=0x00007fc35ff2c678, RDX=0x00000007c0120060
RSP=0x00007fc37b5d6bf0, RBP=0x00007fc37b5d6c70, RSI=0x00007fc37400b000, RDI=0x08000007c0027f78
R8 =0x0000000000000004, R9 =0x00007fc37c754e00, R10=0x00000007c0120060, R11=0x0000000000000001
R12=0x0000000000000001, R13=0x00007fc378224260, R14=0x00007fc35ff2c5c0, R15=0x00007fc378212330
RIP=0x00007fc37bbbf8a5, EFLAGS=0x0000000000010206, CSGSFS=0x002b000000000033, ERR=0x0000000000000000
  TRAPNO=0x000000000000000d

Top of Stack: (sp=0x00007fc37b5d6bf0)
0x00007fc37b5d6bf0:   00000007c0120060 00007fc37400bbd0
0x00007fc37b5d6c00:   00007fc37b5d6c70 00007fc37400b000
0x00007fc37b5d6c10:   00000007c0120060 00000002e0031d41
0x00007fc37b5d6c20:   00007fc37400b000 00007fc37bdaf463
0x00007fc37b5d6c30:   00007fc37c6d93d0 00000000d00516f0
0x00007fc37b5d6c40:   00007fc37b5d6c70 0000000000000020
0x00007fc37b5d6c50:   00007fc37b5d7010 00007fc37400bbd0
0x00007fc37b5d6c60:   00000007c0120060 00007fc37400b850
0x00007fc37b5d6c70:   00007fc37b5d6f80 00007fc37bbcdab5
0x00007fc37b5d6c80:   0000000000000020 00007fc2e0031d40
0x00007fc37b5d6c90:   00000007c00f88a8 00007fc300000000
0x00007fc37b5d6ca0:   00007fc37400b000 00007fc37b5d7257
0x00007fc37b5d6cb0:   00007fc3ffffffff 00007fc37b5d6ee0
0x00007fc37b5d6cc0:   00007fc37b5d6eb0 00007fc37c94bfa0
0x00007fc37b5d6cd0:   0000000000000000 00007fc37b5d6e10
0x00007fc37b5d6ce0:   0000000000000003 00007fc37b5d6f10
0x00007fc37b5d6cf0:   00007fc37b5d6f00 00007fc37b5d6dc0
0x00007fc37b5d6d00:   00017fc37b5d6d60 0000000000000000
0x00007fc37b5d6d10:   0000000000000000 0000000000000000
0x00007fc37b5d6d20:   00007fc374037e10 00007fc2e0031d40
0x00007fc37b5d6d30:   0000000400000003 0004003400006d70
0x00007fc37b5d6d40:   00007fc35f800088 00007fc35ff2c5c0
0x00007fc37b5d6d50:   0000000000000000 0000000000000017
0x00007fc37b5d6d60:   00007fc37b5d6dd0 00007fc35f6fca86
0x00007fc37b5d6d70:   00007fc37400b890 00007fc37400bc00
0x00007fc37b5d6d80:   00007fc37400bc78 00000000000003d8
0x00007fc37b5d6d90:   0000002000000017 0000000000000018
0x00007fc37b5d6da0:   0000000074808ad0 0000000000000000
0x00007fc37b5d6db0:   00000007c00f88a8 000000007404ffd0
0x00007fc37b5d6dc0:   0000000000000000 00000000124a6af6
0x00007fc37b5d6dd0:   00007fc37b5d6e01 00007fc37400eb90
0x00007fc37b5d6de0:   00007fc37400ec00 0000000000000000 

Instructions: (pc=0x00007fc37bbbf8a5)
0x00007fc37bbbf885:   00 4c 3b a8 80 07 00 00 74 28 0f b7 41 24 4c 8b
0x00007fc37bbbf895:   3c c2 48 8b 55 a0 48 8b 7a 70 90 48 85 ff 74 12
0x00007fc37bbbf8a5:   f6 87 9f 00 00 00 01 75 22 48 8b 7f 70 48 85 ff
0x00007fc37bbbf8b5:   75 ee 49 83 c4 01 44 39 65 ac 7f 9f 48 83 c4 58 

Register to memory mapping:

RAX=0x000000000000000c is an unknown value
RBX=0x0000000000000020 is an unknown value
RCX=0x00007fc35ff2c678 is pointing into metadata
RDX=0x00000007c0120060 is pointing into metadata
RSP=0x00007fc37b5d6bf0 is pointing into the stack for thread: 0x00007fc37400b000
RBP=0x00007fc37b5d6c70 is pointing into the stack for thread: 0x00007fc37400b000
RSI=0x00007fc37400b000 is a thread
RDI=0x08000007c0027f78 is an unknown value
R8 =0x0000000000000004 is an unknown value
R9 =0x00007fc37c754e00: <offset 0xfece00> in /usr/lib/jvm/java-8-oracle/jre/lib/amd64/server/libjvm.so at 0x00007fc37b768000
R10=0x00000007c0120060 is pointing into metadata
R11=0x0000000000000001 is an unknown value
R12=0x0000000000000001 is an unknown value
R13=0x00007fc378224260 is an unknown value
R14=0x00007fc35ff2c5c0 is pointing into metadata
R15=0x00007fc378212330 is an unknown value


Stack: [0x00007fc37b4db000,0x00007fc37b5db000],  sp=0x00007fc37b5d6bf0,  free space=1006k
Native frames: (J=compiled Java code, j=interpreted, Vv=VM code, C=native code)
V  [libjvm.so+0x4578a5]  ClassFileParser::check_final_method_override(instanceKlassHandle, Thread*)+0x75
V  [libjvm.so+0x465ab5]  ClassFileParser::parseClassFile(Symbol*, ClassLoaderData*, Handle, KlassHandle, GrowableArray<Handle>*, TempNewSymbol&, bool, Thread*)+0x1355
V  [libjvm.so+0x46a40b]  ClassLoader::load_classfile(Symbol*, Thread*)+0x3fb
V  [libjvm.so+0xa476f0]  SystemDictionary::load_instance_class(Symbol*, Handle, Thread*)+0x380
V  [libjvm.so+0xa466ac]  SystemDictionary::resolve_instance_class_or_null(Symbol*, Handle, Handle, Thread*)+0x78c
V  [libjvm.so+0xa47b83]  SystemDictionary::resolve_or_fail(Symbol*, Handle, Handle, bool, Thread*)+0x33
V  [libjvm.so+0x4f92e8]  ConstantPool::klass_at_impl(constantPoolHandle, int, Thread*)+0x158
V  [libjvm.so+0x68bf41]  InterpreterRuntime::_new(JavaThread*, ConstantPool*, int)+0x71
j  java.io.Console.<init>()V+86
j  java.io.Console.<init>(Ljava/io/Console$1;)V+1
j  java.io.Console$2.console()Ljava/io/Console;+17
j  java.lang.System.console()Ljava/io/Console;+14
j  org.gradle.internal.logging.sink.ConsoleStateUtil.isInteractiveConsoleAttached()Z+0
j  org.gradle.internal.logging.sink.ConsoleStateUtil.isInteractive()Z+0
j  org.gradle.launcher.daemon.configuration.DaemonParameters.<init>(Lorg/gradle/initialization/BuildLayoutParameters;Ljava/util/Map;)V+41
j  org.gradle.launcher.daemon.configuration.DaemonParameters.<init>(Lorg/gradle/initialization/BuildLayoutParameters;)V+5
j  org.gradle.launcher.cli.Parameters.<init>()V+35
j  org.gradle.launcher.cli.BuildActionsFactory.createAction(Lorg/gradle/cli/CommandLineParser;Lorg/gradle/cli/ParsedCommandLine;)Ljava/lang/Runnable;+9
j  org.gradle.launcher.cli.CommandLineActionFactory$ParseAndBuildAction.createAction(Ljava/lang/Iterable;Lorg/gradle/cli/CommandLineParser;Lorg/gradle/cli/ParsedCommandLine;)Lorg/gradle/api/Action;+34
j  org.gradle.launcher.cli.CommandLineActionFactory$ParseAndBuildAction.execute(Lorg/gradle/launcher/bootstrap/ExecutionListener;)V+99
j  org.gradle.launcher.cli.CommandLineActionFactory$ParseAndBuildAction.execute(Ljava/lang/Object;)V+5
j  org.gradle.launcher.cli.ExceptionReportingAction.execute(Lorg/gradle/launcher/bootstrap/ExecutionListener;)V+5
j  org.gradle.launcher.cli.ExceptionReportingAction.execute(Ljava/lang/Object;)V+5
j  org.gradle.launcher.cli.CommandLineActionFactory$WithLogging.execute(Lorg/gradle/launcher/bootstrap/ExecutionListener;)V+351
j  org.gradle.launcher.cli.CommandLineActionFactory$WithLogging.execute(Ljava/lang/Object;)V+5
j  org.gradle.launcher.Main.doAction([Ljava/lang/String;Lorg/gradle/launcher/bootstrap/ExecutionListener;)V+20
j  org.gradle.launcher.bootstrap.EntryPoint.run([Ljava/lang/String;)V+12
v  ~StubRoutines::call_stub
V  [libjvm.so+0x697a76]  JavaCalls::call_helper(JavaValue*, methodHandle*, JavaCallArguments*, Thread*)+0x1056
V  [libjvm.so+0x9a6737]  Reflection::invoke(instanceKlassHandle, methodHandle, Handle, bool, objArrayHandle, BasicType, objArrayHandle, bool, Thread*)+0x5d7
V  [libjvm.so+0x9a9e47]  Reflection::invoke_method(oopDesc*, Handle, objArrayHandle, Thread*)+0x147
V  [libjvm.so+0x729c7b]  JVM_InvokeMethod+0x26b
j  sun.reflect.NativeMethodAccessorImpl.invoke0(Ljava/lang/reflect/Method;Ljava/lang/Object;[Ljava/lang/Object;)Ljava/lang/Object;+0
j  sun.reflect.NativeMethodAccessorImpl.invoke(Ljava/lang/Object;[Ljava/lang/Object;)Ljava/lang/Object;+100
j  sun.reflect.DelegatingMethodAccessorImpl.invoke(Ljava/lang/Object;[Ljava/lang/Object;)Ljava/lang/Object;+6
j  java.lang.reflect.Method.invoke(Ljava/lang/Object;[Ljava/lang/Object;)Ljava/lang/Object;+56
j  org.gradle.launcher.bootstrap.ProcessBootstrap.runNoExit(Ljava/lang/String;[Ljava/lang/String;)V+147
j  org.gradle.launcher.bootstrap.ProcessBootstrap.run(Ljava/lang/String;[Ljava/lang/String;)V+3
j  org.gradle.launcher.GradleMain.main([Ljava/lang/String;)V+10
v  ~StubRoutines::call_stub
V  [libjvm.so+0x697a76]  JavaCalls::call_helper(JavaValue*, methodHandle*, JavaCallArguments*, Thread*)+0x1056
V  [libjvm.so+0x9a6737]  Reflection::invoke(instanceKlassHandle, methodHandle, Handle, bool, objArrayHandle, BasicType, objArrayHandle, bool, Thread*)+0x5d7
V  [libjvm.so+0x9a9e47]  Reflection::invoke_method(oopDesc*, Handle, objArrayHandle, Thread*)+0x147
V  [libjvm.so+0x729c7b]  JVM_InvokeMethod+0x26b
j  sun.reflect.NativeMethodAccessorImpl.invoke0(Ljava/lang/reflect/Method;Ljava/lang/Object;[Ljava/lang/Object;)Ljava/lang/Object;+0
j  sun.reflect.NativeMethodAccessorImpl.invoke(Ljava/lang/Object;[Ljava/lang/Object;)Ljava/lang/Object;+100
j  sun.reflect.DelegatingMethodAccessorImpl.invoke(Ljava/lang/Object;[Ljava/lang/Object;)Ljava/lang/Object;+6
j  java.lang.reflect.Method.invoke(Ljava/lang/Object;[Ljava/lang/Object;)Ljava/lang/Object;+56
j  org.gradle.wrapper.BootstrapMainStarter.start([Ljava/lang/String;Ljava/io/File;)V+82
j  org.gradle.wrapper.WrapperExecutor.execute([Ljava/lang/String;Lorg/gradle/wrapper/Install;Lorg/gradle/wrapper/BootstrapMainStarter;)V+14
j  org.gradle.wrapper.GradleWrapperMain.main([Ljava/lang/String;)V+188
v  ~StubRoutines::call_stub
V  [libjvm.so+0x697a76]  JavaCalls::call_helper(JavaValue*, methodHandle*, JavaCallArguments*, Thread*)+0x1056
V  [libjvm.so+0x6d91c2]  jni_invoke_static(JNIEnv_*, JavaValue*, _jobject*, JNICallType, _jmethodID*, JNI_ArgumentPusher*, Thread*)+0x362
V  [libjvm.so+0x6f5a2a]  jni_CallStaticVoidMethod+0x17a
C  [libjli.so+0x80ff]  JavaMain+0x81f
C  [libpthread.so.0+0x8164]  start_thread+0xe4

Java frames: (J=compiled Java code, j=interpreted, Vv=VM code)
j  java.io.Console.<init>()V+86
j  java.io.Console.<init>(Ljava/io/Console$1;)V+1
j  java.io.Console$2.console()Ljava/io/Console;+17
j  java.lang.System.console()Ljava/io/Console;+14
j  org.gradle.internal.logging.sink.ConsoleStateUtil.isInteractiveConsoleAttached()Z+0
j  org.gradle.internal.logging.sink.ConsoleStateUtil.isInteractive()Z+0
j  org.gradle.launcher.daemon.configuration.DaemonParameters.<init>(Lorg/gradle/initialization/BuildLayoutParameters;Ljava/util/Map;)V+41
j  org.gradle.launcher.daemon.configuration.DaemonParameters.<init>(Lorg/gradle/initialization/BuildLayoutParameters;)V+5
j  org.gradle.launcher.cli.Parameters.<init>()V+35
j  org.gradle.launcher.cli.BuildActionsFactory.createAction(Lorg/gradle/cli/CommandLineParser;Lorg/gradle/cli/ParsedCommandLine;)Ljava/lang/Runnable;+9
j  org.gradle.launcher.cli.CommandLineActionFactory$ParseAndBuildAction.createAction(Ljava/lang/Iterable;Lorg/gradle/cli/CommandLineParser;Lorg/gradle/cli/ParsedCommandLine;)Lorg/gradle/api/Action;+34
j  org.gradle.launcher.cli.CommandLineActionFactory$ParseAndBuildAction.execute(Lorg/gradle/launcher/bootstrap/ExecutionListener;)V+99
j  org.gradle.launcher.cli.CommandLineActionFactory$ParseAndBuildAction.execute(Ljava/lang/Object;)V+5
j  org.gradle.launcher.cli.ExceptionReportingAction.execute(Lorg/gradle/launcher/bootstrap/ExecutionListener;)V+5
j  org.gradle.launcher.cli.ExceptionReportingAction.execute(Ljava/lang/Object;)V+5
j  org.gradle.launcher.cli.CommandLineActionFactory$WithLogging.execute(Lorg/gradle/launcher/bootstrap/ExecutionListener;)V+351
j  org.gradle.launcher.cli.CommandLineActionFactory$WithLogging.execute(Ljava/lang/Object;)V+5
j  org.gradle.launcher.Main.doAction([Ljava/lang/String;Lorg/gradle/launcher/bootstrap/ExecutionListener;)V+20
j  org.gradle.launcher.bootstrap.EntryPoint.run([Ljava/lang/String;)V+12
v  ~StubRoutines::call_stub
j  sun.reflect.NativeMethodAccessorImpl.invoke0(Ljava/lang/reflect/Method;Ljava/lang/Object;[Ljava/lang/Object;)Ljava/lang/Object;+0
j  sun.reflect.NativeMethodAccessorImpl.invoke(Ljava/lang/Object;[Ljava/lang/Object;)Ljava/lang/Object;+100
j  sun.reflect.DelegatingMethodAccessorImpl.invoke(Ljava/lang/Object;[Ljava/lang/Object;)Ljava/lang/Object;+6
j  java.lang.reflect.Method.invoke(Ljava/lang/Object;[Ljava/lang/Object;)Ljava/lang/Object;+56
j  org.gradle.launcher.bootstrap.ProcessBootstrap.runNoExit(Ljava/lang/String;[Ljava/lang/String;)V+147
j  org.gradle.launcher.bootstrap.ProcessBootstrap.run(Ljava/lang/String;[Ljava/lang/String;)V+3
j  org.gradle.launcher.GradleMain.main([Ljava/lang/String;)V+10
v  ~StubRoutines::call_stub
j  sun.reflect.NativeMethodAccessorImpl.invoke0(Ljava/lang/reflect/Method;Ljava/lang/Object;[Ljava/lang/Object;)Ljava/lang/Object;+0
j  sun.reflect.NativeMethodAccessorImpl.invoke(Ljava/lang/Object;[Ljava/lang/Object;)Ljava/lang/Object;+100
j  sun.reflect.DelegatingMethodAccessorImpl.invoke(Ljava/lang/Object;[Ljava/lang/Object;)Ljava/lang/Object;+6
j  java.lang.reflect.Method.invoke(Ljava/lang/Object;[Ljava/lang/Object;)Ljava/lang/Object;+56
j  org.gradle.wrapper.BootstrapMainStarter.start([Ljava/lang/String;Ljava/io/File;)V+82
j  org.gradle.wrapper.WrapperExecutor.execute([Ljava/lang/String;Lorg/gradle/wrapper/Install;Lorg/gradle/wrapper/BootstrapMainStarter;)V+14
j  org.gradle.wrapper.GradleWrapperMain.main([Ljava/lang/String;)V+188
v  ~StubRoutines::call_stub

---------------  P R O C E S S  ---------------

Java Threads: ( => current thread )
  0x00007fc3747b1800 JavaThread "pool-1-thread-1" [_thread_blocked, id=31746, stack(0x00007fc355f3a000,0x00007fc35603b000)]
  0x00007fc3740ef000 JavaThread "Service Thread" daemon [_thread_blocked, id=31744, stack(0x00007fc3574f5000,0x00007fc3575f6000)]
  0x00007fc3740eb800 JavaThread "C1 CompilerThread11" daemon [_thread_blocked, id=31743, stack(0x00007fc3575f7000,0x00007fc3576f7000)]
  0x00007fc3740e9800 JavaThread "C1 CompilerThread10" daemon [_thread_blocked, id=31742, stack(0x00007fc3576f8000,0x00007fc3577f8000)]
  0x00007fc3740e7800 JavaThread "C1 CompilerThread9" daemon [_thread_blocked, id=31741, stack(0x00007fc3577f9000,0x00007fc3578f9000)]
  0x00007fc3740e5800 JavaThread "C1 CompilerThread8" daemon [_thread_blocked, id=31740, stack(0x00007fc3578fa000,0x00007fc3579fa000)]
  0x00007fc3740e3800 JavaThread "C2 CompilerThread7" daemon [_thread_blocked, id=31739, stack(0x00007fc3579fb000,0x00007fc357afb000)]
  0x00007fc3740e1000 JavaThread "C2 CompilerThread6" daemon [_thread_blocked, id=31738, stack(0x00007fc357afc000,0x00007fc357bfc000)]
  0x00007fc3740df000 JavaThread "C2 CompilerThread5" daemon [_thread_blocked, id=31737, stack(0x00007fc357bfd000,0x00007fc357cfd000)]
  0x00007fc3740d5000 JavaThread "C2 CompilerThread4" daemon [_thread_blocked, id=31736, stack(0x00007fc357cfe000,0x00007fc357dfe000)]
  0x00007fc3740d2800 JavaThread "C2 CompilerThread3" daemon [_thread_blocked, id=31735, stack(0x00007fc357dff000,0x00007fc357eff000)]
  0x00007fc3740d0800 JavaThread "C2 CompilerThread2" daemon [_thread_blocked, id=31734, stack(0x00007fc357f00000,0x00007fc358000000)]
  0x00007fc3740cf000 JavaThread "C2 CompilerThread1" daemon [_thread_blocked, id=31733, stack(0x00007fc35c03f000,0x00007fc35c13f000)]
  0x00007fc3740cc000 JavaThread "C2 CompilerThread0" daemon [_thread_blocked, id=31732, stack(0x00007fc35c140000,0x00007fc35c240000)]
  0x00007fc3740ca800 JavaThread "Signal Dispatcher" daemon [_thread_blocked, id=31731, stack(0x00007fc35c240000,0x00007fc35c341000)]
  0x00007fc374097800 JavaThread "Finalizer" daemon [_thread_blocked, id=31730, stack(0x00007fc35c8b0000,0x00007fc35c9b1000)]
  0x00007fc374095000 JavaThread "Reference Handler" daemon [_thread_blocked, id=31729, stack(0x00007fc35c9b1000,0x00007fc35cab2000)]
=>0x00007fc37400b000 JavaThread "main" [_thread_in_vm, id=31713, stack(0x00007fc37b4db000,0x00007fc37b5db000)]

Other Threads:
  0x00007fc37408b800 VMThread [stack: 0x00007fc35cab3000,0x00007fc35cbb3000] [id=31728]
  0x00007fc3740f4000 WatcherThread [stack: 0x00007fc3573f5000,0x00007fc3574f5000] [id=31745]

VM state:not at safepoint (normal execution)

VM Mutex/Monitor currently owned by a thread: None

Heap:
 PSYoungGen      total 150528K, used 38715K [0x0000000718800000, 0x0000000723000000, 0x00000007c0000000)
  eden space 129024K, 30% used [0x0000000718800000,0x000000071adcef50,0x0000000720600000)
  from space 21504K, 0% used [0x0000000721b00000,0x0000000721b00000,0x0000000723000000)
  to   space 21504K, 0% used [0x0000000720600000,0x0000000720600000,0x0000000721b00000)
 ParOldGen       total 344064K, used 0K [0x00000005c9800000, 0x00000005de800000, 0x0000000718800000)
  object space 344064K, 0% used [0x00000005c9800000,0x00000005c9800000,0x00000005de800000)
 Metaspace       used 8357K, capacity 8566K, committed 8704K, reserved 1056768K
  class space    used 1104K, capacity 1197K, committed 1280K, reserved 1048576K

Card table byte_map: [0x00007fc379ab4000,0x00007fc37aa69000] byte_map_base: 0x00007fc376c68000

Marking Bits: (ParMarkBitMap*) 0x00007fc37c73c0a0
 Begin Bits: [0x00007fc3184c0000, 0x00007fc320260000)
 End Bits:   [0x00007fc320260000, 0x00007fc328000000)

Polling page: 0x00007fc37cbb3000

CodeCache: size=245760Kb used=4490Kb max_used=4495Kb free=241269Kb
 bounds [0x00007fc365000000, 0x00007fc365470000, 0x00007fc374000000]
 total_blobs=1029 nmethods=722 adapters=219
 compilation: enabled

Compilation events (10 events):
Event: 0.291 Thread 0x00007fc3740cf000  718       4       java.lang.String::substring (79 bytes)
Event: 0.295 Thread 0x00007fc3740cf000 nmethod 718 0x00007fc365464090 code [0x00007fc365464200, 0x00007fc3654645f8]
Event: 0.298 Thread 0x00007fc3740e7800  719       3       java.util.regex.Pattern$Ctype::isSatisfiedBy (24 bytes)
Event: 0.298 Thread 0x00007fc3740e5800  720       3       java.util.ArrayList::grow (45 bytes)
Event: 0.298 Thread 0x00007fc3740e7800 nmethod 719 0x00007fc3654639d0 code [0x00007fc365463b60, 0x00007fc365463ef0]
Event: 0.298 Thread 0x00007fc3740e7800  721       3       java.util.HashMap$HashIterator::nextNode (100 bytes)
Event: 0.298 Thread 0x00007fc3740e7800 nmethod 721 0x00007fc365463110 code [0x00007fc3654632c0, 0x00007fc3654637b8]
Event: 0.298 Thread 0x00007fc3740e5800 nmethod 720 0x00007fc365462850 code [0x00007fc365462a00, 0x00007fc365462ef8]
Event: 0.298 Thread 0x00007fc3740e5800  722       3       java.util.HashMap$KeyIterator::next (8 bytes)
Event: 0.298 Thread 0x00007fc3740e5800 nmethod 722 0x00007fc365462410 code [0x00007fc365462580, 0x00007fc365462788]

GC Heap History (0 events):
No events

Deoptimization events (6 events):
Event: 0.127 Thread 0x00007fc37400b000 Uncommon trap: reason=unstable_if action=reinterpret pc=0x00007fc36535af78 method=java.lang.String.startsWith(Ljava/lang/String;I)Z @ 25
Event: 0.134 Thread 0x00007fc37400b000 Uncommon trap: reason=unstable_if action=reinterpret pc=0x00007fc36533ab04 method=java.util.regex.Matcher.reset()Ljava/util/regex/Matcher; @ 47
Event: 0.134 Thread 0x00007fc37400b000 Uncommon trap: reason=class_check action=maybe_recompile pc=0x00007fc36534bf64 method=java.util.regex.Matcher.match(II)Z @ 86
Event: 0.202 Thread 0x00007fc37400b000 Uncommon trap: reason=class_check action=maybe_recompile pc=0x00007fc36534bf64 method=java.util.regex.Matcher.match(II)Z @ 86
Event: 0.202 Thread 0x00007fc37400b000 Uncommon trap: reason=class_check action=maybe_recompile pc=0x00007fc36534bf64 method=java.util.regex.Matcher.match(II)Z @ 86
Event: 0.202 Thread 0x00007fc37400b000 Uncommon trap: reason=class_check action=maybe_recompile pc=0x00007fc36534bf64 method=java.util.regex.Matcher.match(II)Z @ 86

Classes redefined (0 events):
No events

Internal exceptions (10 events):
Event: 0.071 Thread 0x00007fc37400b000 Exception <a 'java/security/PrivilegedActionException'> (0x000000071890e460) thrown at [/HUDSON/workspace/8-2-build-linux-amd64/jdk8u181/11358/hotspot/src/share/vm/prims/jvm.cpp, line 1435]
Event: 0.072 Thread 0x00007fc37400b000 Exception <a 'java/security/PrivilegedActionException'> (0x00000007189108c8) thrown at [/HUDSON/workspace/8-2-build-linux-amd64/jdk8u181/11358/hotspot/src/share/vm/prims/jvm.cpp, line 1435]
Event: 0.072 Thread 0x00007fc37400b000 Exception <a 'java/security/PrivilegedActionException'> (0x0000000718910ad8) thrown at [/HUDSON/workspace/8-2-build-linux-amd64/jdk8u181/11358/hotspot/src/share/vm/prims/jvm.cpp, line 1435]
Event: 0.167 Thread 0x00007fc37400b000 Exception <a 'java/lang/ArrayIndexOutOfBoundsException': 100> (0x0000000719bcfdb0) thrown at [/HUDSON/workspace/8-2-build-linux-amd64/jdk8u181/11358/hotspot/src/share/vm/interpreter/interpreterRuntime.cpp, line 366]
Event: 0.167 Thread 0x00007fc37400b000 Exception <a 'java/lang/ArrayIndexOutOfBoundsException': 18> (0x0000000719bd0ce8) thrown at [/HUDSON/workspace/8-2-build-linux-amd64/jdk8u181/11358/hotspot/src/share/vm/interpreter/interpreterRuntime.cpp, line 366]
Event: 0.167 Thread 0x00007fc37400b000 Exception <a 'java/lang/ArrayIndexOutOfBoundsException': 40> (0x0000000719bd1918) thrown at [/HUDSON/workspace/8-2-build-linux-amd64/jdk8u181/11358/hotspot/src/share/vm/interpreter/interpreterRuntime.cpp, line 366]
Event: 0.209 Thread 0x00007fc37400b000 Exception <a 'java/lang/ArrayIndexOutOfBoundsException'> (0x000000071a06a8a0) thrown at [/HUDSON/workspace/8-2-build-linux-amd64/jdk8u181/11358/hotspot/src/share/vm/runtime/sharedRuntime.cpp, line 605]
Event: 0.209 Thread 0x00007fc37400b000 Exception <a 'java/lang/ArrayIndexOutOfBoundsException'> (0x000000071a06b760) thrown at [/HUDSON/workspace/8-2-build-linux-amd64/jdk8u181/11358/hotspot/src/share/vm/runtime/sharedRuntime.cpp, line 605]
Event: 0.280 Thread 0x00007fc37400b000 Exception <a 'java/lang/NoSuchFieldError': method resolution failed> (0x000000071aa0ff28) thrown at [/HUDSON/workspace/8-2-build-linux-amd64/jdk8u181/11358/hotspot/src/share/vm/prims/methodHandles.cpp, line 1167]
Event: 0.282 Thread 0x00007fc37400b000 Exception <a 'java/lang/NoSuchFieldError': method resolution failed> (0x000000071aa1d5e8) thrown at [/HUDSON/workspace/8-2-build-linux-amd64/jdk8u181/11358/hotspot/src/share/vm/prims/methodHandles.cpp, line 1167]

Events (10 events):
Event: 0.307 loading class org/gradle/internal/logging/sink/ConsoleStateUtil done
Event: 0.307 loading class java/io/Console
Event: 0.307 loading class java/io/Console done
Event: 0.307 loading class java/io/Console$1
Event: 0.307 loading class java/io/Console$1 done
Event: 0.307 loading class java/io/Console$2
Event: 0.307 loading class sun/misc/JavaIOAccess
Event: 0.307 loading class sun/misc/JavaIOAccess done
Event: 0.307 loading class java/io/Console$2 done
Event: 0.307 loading class java/io/Console$3


Dynamic libraries:
00400000-00401000 r-xp 00000000 103:01 20586605                          /usr/lib/jvm/java-8-oracle/bin/java
00600000-00601000 rw-p 00000000 103:01 20586605                          /usr/lib/jvm/java-8-oracle/bin/java
01057000-01078000 rw-p 00000000 00:00 0                                  [heap]
5c9800000-5de800000 rw-p 00000000 00:00 0 
5de800000-718800000 ---p 00000000 00:00 0 
718800000-723000000 rw-p 00000000 00:00 0 
723000000-7c0000000 ---p 00000000 00:00 0 
7c0000000-7c0140000 rw-p 00000000 00:00 0 
7c0140000-800000000 ---p 00000000 00:00 0 
7fc2bc000000-7fc2bc021000 rw-p 00000000 00:00 0 
7fc2bc021000-7fc2c0000000 ---p 00000000 00:00 0 
7fc2c4000000-7fc2c4021000 rw-p 00000000 00:00 0 
7fc2c4021000-7fc2c8000000 ---p 00000000 00:00 0 
7fc2c8000000-7fc2c8021000 rw-p 00000000 00:00 0 
7fc2c8021000-7fc2cc000000 ---p 00000000 00:00 0 
7fc2cc000000-7fc2cc0c6000 rw-p 00000000 00:00 0 
7fc2cc0c6000-7fc2d0000000 ---p 00000000 00:00 0 
7fc2d0000000-7fc2d0109000 rw-p 00000000 00:00 0 
7fc2d0109000-7fc2d4000000 ---p 00000000 00:00 0 
7fc2d4000000-7fc2d40e7000 rw-p 00000000 00:00 0 
7fc2d40e7000-7fc2d8000000 ---p 00000000 00:00 0 
7fc2d8000000-7fc2d80d8000 rw-p 00000000 00:00 0 
7fc2d80d8000-7fc2dc000000 ---p 00000000 00:00 0 
7fc2dc000000-7fc2dc0b6000 rw-p 00000000 00:00 0 
7fc2dc0b6000-7fc2e0000000 ---p 00000000 00:00 0 
7fc2e0000000-7fc2e0155000 rw-p 00000000 00:00 0 
7fc2e0155000-7fc2e4000000 ---p 00000000 00:00 0 
7fc2e4000000-7fc2e405b000 rw-p 00000000 00:00 0 
7fc2e405b000-7fc2e8000000 ---p 00000000 00:00 0 
7fc2e8000000-7fc2e8238000 rw-p 00000000 00:00 0 
7fc2e8238000-7fc2ec000000 ---p 00000000 00:00 0 
7fc2ec000000-7fc2ec0bc000 rw-p 00000000 00:00 0 
7fc2ec0bc000-7fc2f0000000 ---p 00000000 00:00 0 
7fc2f0000000-7fc2f01f2000 rw-p 00000000 00:00 0 
7fc2f01f2000-7fc2f4000000 ---p 00000000 00:00 0 
7fc2f4000000-7fc2f40a3000 rw-p 00000000 00:00 0 
7fc2f40a3000-7fc2f8000000 ---p 00000000 00:00 0 
7fc2f8000000-7fc2f802a000 rw-p 00000000 00:00 0 
7fc2f802a000-7fc2fc000000 ---p 00000000 00:00 0 
7fc2fc000000-7fc2fc021000 rw-p 00000000 00:00 0 
7fc2fc021000-7fc300000000 ---p 00000000 00:00 0 
7fc300000000-7fc300021000 rw-p 00000000 00:00 0 
7fc300021000-7fc304000000 ---p 00000000 00:00 0 
7fc304000000-7fc304021000 rw-p 00000000 00:00 0 
7fc304021000-7fc308000000 ---p 00000000 00:00 0 
7fc308000000-7fc308021000 rw-p 00000000 00:00 0 
7fc308021000-7fc30c000000 ---p 00000000 00:00 0 
7fc30c000000-7fc30c021000 rw-p 00000000 00:00 0 
7fc30c021000-7fc310000000 ---p 00000000 00:00 0 
7fc314000000-7fc314021000 rw-p 00000000 00:00 0 
7fc314021000-7fc318000000 ---p 00000000 00:00 0 
7fc3184c0000-7fc328000000 rw-p 00000000 00:00 0 
7fc328000000-7fc328021000 rw-p 00000000 00:00 0 
7fc328021000-7fc32c000000 ---p 00000000 00:00 0 
7fc32c000000-7fc32c021000 rw-p 00000000 00:00 0 
7fc32c021000-7fc330000000 ---p 00000000 00:00 0 
7fc330000000-7fc330021000 rw-p 00000000 00:00 0 
7fc330021000-7fc334000000 ---p 00000000 00:00 0 
7fc334000000-7fc334021000 rw-p 00000000 00:00 0 
7fc334021000-7fc338000000 ---p 00000000 00:00 0 
7fc338000000-7fc338021000 rw-p 00000000 00:00 0 
7fc338021000-7fc33c000000 ---p 00000000 00:00 0 
7fc33c000000-7fc33c021000 rw-p 00000000 00:00 0 
7fc33c021000-7fc340000000 ---p 00000000 00:00 0 
7fc340000000-7fc340021000 rw-p 00000000 00:00 0 
7fc340021000-7fc344000000 ---p 00000000 00:00 0 
7fc348000000-7fc348021000 rw-p 00000000 00:00 0 
7fc348021000-7fc34c000000 ---p 00000000 00:00 0 
7fc350000000-7fc350021000 rw-p 00000000 00:00 0 
7fc350021000-7fc354000000 ---p 00000000 00:00 0 
7fc355d31000-7fc355d3a000 r-xp 00000000 103:01 24118862                  /usr/lib/jvm/java-8-oracle/jre/lib/amd64/libmanagement.so
7fc355d3a000-7fc355f39000 ---p 00009000 103:01 24118862                  /usr/lib/jvm/java-8-oracle/jre/lib/amd64/libmanagement.so
7fc355f39000-7fc355f3a000 rw-p 00008000 103:01 24118862                  /usr/lib/jvm/java-8-oracle/jre/lib/amd64/libmanagement.so
7fc355f3a000-7fc355f3d000 ---p 00000000 00:00 0 
7fc355f3d000-7fc35603b000 rw-p 00000000 00:00 0 
7fc35603b000-7fc35603d000 r-xp 00000000 103:01 3680210                   /home/soham/.gradle/native/jansi/1.14/linux64/libjansi.so
7fc35603d000-7fc35623c000 ---p 00002000 103:01 3680210                   /home/soham/.gradle/native/jansi/1.14/linux64/libjansi.so
7fc35623c000-7fc35623d000 rw-p 00001000 103:01 3680210                   /home/soham/.gradle/native/jansi/1.14/linux64/libjansi.so
7fc35623d000-7fc356262000 r-xp 00000000 103:01 22155980                  /lib/x86_64-linux-gnu/libtinfo.so.5.9
7fc356262000-7fc356462000 ---p 00025000 103:01 22155980                  /lib/x86_64-linux-gnu/libtinfo.so.5.9
7fc356462000-7fc356466000 r--p 00025000 103:01 22155980                  /lib/x86_64-linux-gnu/libtinfo.so.5.9
7fc356466000-7fc356467000 rw-p 00029000 103:01 22155980                  /lib/x86_64-linux-gnu/libtinfo.so.5.9
7fc356467000-7fc356488000 r-xp 00000000 103:01 22156057                  /lib/x86_64-linux-gnu/libncurses.so.5.9
7fc356488000-7fc356688000 ---p 00021000 103:01 22156057                  /lib/x86_64-linux-gnu/libncurses.so.5.9
7fc356688000-7fc356689000 r--p 00021000 103:01 22156057                  /lib/x86_64-linux-gnu/libncurses.so.5.9
7fc356689000-7fc35668a000 rw-p 00022000 103:01 22156057                  /lib/x86_64-linux-gnu/libncurses.so.5.9
7fc35668a000-7fc35668d000 r-xp 00000000 103:01 6717081                   /home/soham/.gradle/native/25/linux-amd64-ncurses5/libnative-platform-curses.so
7fc35668d000-7fc35688d000 ---p 00003000 103:01 6717081                   /home/soham/.gradle/native/25/linux-amd64-ncurses5/libnative-platform-curses.so
7fc35688d000-7fc35688e000 rw-p 00003000 103:01 6717081                   /home/soham/.gradle/native/25/linux-amd64-ncurses5/libnative-platform-curses.so
7fc35688e000-7fc356891000 r--p 00000000 103:01 22155838                  /lib/x86_64-linux-gnu/libgcc_s.so.1
7fc356891000-7fc3568a2000 r-xp 00003000 103:01 22155838                  /lib/x86_64-linux-gnu/libgcc_s.so.1
7fc3568a2000-7fc3568a5000 r--p 00014000 103:01 22155838                  /lib/x86_64-linux-gnu/libgcc_s.so.1
7fc3568a5000-7fc3568a6000 ---p 00017000 103:01 22155838                  /lib/x86_64-linux-gnu/libgcc_s.so.1
7fc3568a6000-7fc3568a7000 r--p 00017000 103:01 22155838                  /lib/x86_64-linux-gnu/libgcc_s.so.1
7fc3568a7000-7fc3568a8000 rw-p 00018000 103:01 22155838                  /lib/x86_64-linux-gnu/libgcc_s.so.1
7fc3568a8000-7fc356931000 r--p 00000000 103:01 19269136                  /usr/lib/x86_64-linux-gnu/libstdc++.so.6.0.25
7fc356931000-7fc3569e4000 r-xp 00089000 103:01 19269136                  /usr/lib/x86_64-linux-gnu/libstdc++.so.6.0.25
7fc3569e4000-7fc356a22000 r--p 0013c000 103:01 19269136                  /usr/lib/x86_64-linux-gnu/libstdc++.so.6.0.25
7fc356a22000-7fc356a2c000 r--p 00179000 103:01 19269136                  /usr/lib/x86_64-linux-gnu/libstdc++.so.6.0.25
7fc356a2c000-7fc356a2e000 rw-p 00183000 103:01 19269136                  /usr/lib/x86_64-linux-gnu/libstdc++.so.6.0.25
7fc356a2e000-7fc356a32000 rw-p 00000000 00:00 0 
7fc356a4b000-7fc356a52000 r--s 00000000 103:01 19541172                  /usr/lib/x86_64-linux-gnu/gconv/gconv-modules.cache
7fc356a52000-7fc356a57000 r-xp 00000000 103:01 3680206                   /home/soham/.gradle/native/25/linux-amd64/libnative-platform.so
7fc356a57000-7fc356c56000 ---p 00005000 103:01 3680206                   /home/soham/.gradle/native/25/linux-amd64/libnative-platform.so
7fc356c56000-7fc356c57000 rw-p 00004000 103:01 3680206                   /home/soham/.gradle/native/25/linux-amd64/libnative-platform.so
7fc356c57000-7fc356c58000 r--s 00006000 103:01 9572528                   /home/soham/.gradle/wrapper/dists/gradle-4.7-all/4cret0dgl5o3b21weaoncl7ys/gradle-4.7/lib/gradle-wrapper-4.7.jar
7fc356c58000-7fc356c66000 r--s 00046000 103:01 9572527                   /home/soham/.gradle/wrapper/dists/gradle-4.7-all/4cret0dgl5o3b21weaoncl7ys/gradle-4.7/lib/gradle-tooling-api-4.7.jar
7fc356c66000-7fc356c68000 r--s 00002000 103:01 9572524                   /home/soham/.gradle/wrapper/dists/gradle-4.7-all/4cret0dgl5o3b21weaoncl7ys/gradle-4.7/lib/kotlin-stdlib-jdk8-1.2.31.jar
7fc356c68000-7fc356c69000 r--s 00000000 103:01 9572523                   /home/soham/.gradle/wrapper/dists/gradle-4.7-all/4cret0dgl5o3b21weaoncl7ys/gradle-4.7/lib/kotlin-stdlib-jdk7-1.2.31.jar
7fc356c69000-7fc356c78000 r--s 000d7000 103:01 9572522                   /home/soham/.gradle/wrapper/dists/gradle-4.7-all/4cret0dgl5o3b21weaoncl7ys/gradle-4.7/lib/kotlin-stdlib-1.2.31.jar
7fc356c78000-7fc356c7a000 r--s 00008000 103:01 9572521                   /home/soham/.gradle/wrapper/dists/gradle-4.7-all/4cret0dgl5o3b21weaoncl7ys/gradle-4.7/lib/kotlin-script-runtime-1.2.31.jar
7fc356c7a000-7fc356c7b000 r--s 00002000 103:01 9572520                   /home/soham/.gradle/wrapper/dists/gradle-4.7-all/4cret0dgl5o3b21weaoncl7ys/gradle-4.7/lib/kotlin-sam-with-receiver-compiler-plugin-1.2.31.jar
7fc356c7b000-7fc356caf000 r--s 00245000 103:01 9572519                   /home/soham/.gradle/wrapper/dists/gradle-4.7-all/4cret0dgl5o3b21weaoncl7ys/gradle-4.7/lib/kotlin-reflect-1.2.31.jar
7fc356caf000-7fc356e68000 r--s 01869000 103:01 9572518                   /home/soham/.gradle/wrapper/dists/gradle-4.7-all/4cret0dgl5o3b21weaoncl7ys/gradle-4.7/lib/kotlin-compiler-embeddable-1.2.31.jar
7fc356e68000-7fc356e6a000 r--s 00000000 103:01 9572517                   /home/soham/.gradle/wrapper/dists/gradle-4.7-all/4cret0dgl5o3b21weaoncl7ys/gradle-4.7/lib/gradle-kotlin-dsl-tooling-models-0.16.3.jar
7fc356e6a000-7fc356e6c000 r--s 00003000 103:01 9572514                   /home/soham/.gradle/wrapper/dists/gradle-4.7-all/4cret0dgl5o3b21weaoncl7ys/gradle-4.7/lib/annotations-13.0.jar
7fc356e6c000-7fc356e7b000 r--s 000b1000 103:01 9572515                   /home/soham/.gradle/wrapper/dists/gradle-4.7-all/4cret0dgl5o3b21weaoncl7ys/gradle-4.7/lib/gradle-kotlin-dsl-0.16.3.jar
7fc356e7b000-7fc356e7f000 r--s 00013000 103:01 9572533                   /home/soham/.gradle/wrapper/dists/gradle-4.7-all/4cret0dgl5o3b21weaoncl7ys/gradle-4.7/lib/gradle-build-cache-4.7.jar
7fc356e7f000-7fc356e85000 r--s 0002e000 103:01 9572537                   /home/soham/.gradle/wrapper/dists/gradle-4.7-all/4cret0dgl5o3b21weaoncl7ys/gradle-4.7/lib/gradle-persistent-cache-4.7.jar
7fc356e85000-7fc356e89000 r--s 00014000 103:01 9572536                   /home/soham/.gradle/wrapper/dists/gradle-4.7-all/4cret0dgl5o3b21weaoncl7ys/gradle-4.7/lib/gradle-resources-4.7.jar
7fc356e89000-7fc356e8a000 r--s 00003000 103:01 9572544                   /home/soham/.gradle/wrapper/dists/gradle-4.7-all/4cret0dgl5o3b21weaoncl7ys/gradle-4.7/lib/gradle-build-option-4.7.jar
7fc356e8a000-7fc356e8c000 r--s 00005000 103:01 9572545                   /home/soham/.gradle/wrapper/dists/gradle-4.7-all/4cret0dgl5o3b21weaoncl7ys/gradle-4.7/lib/gradle-cli-4.7.jar
7fc356e8c000-7fc356e8e000 r--s 00004000 103:01 9572556                   /home/soham/.gradle/wrapper/dists/gradle-4.7-all/4cret0dgl5o3b21weaoncl7ys/gradle-4.7/lib/log4j-over-slf4j-1.7.16.jar
7fc356e8e000-7fc356e90000 r--s 00000000 103:01 9572555                   /home/soham/.gradle/wrapper/dists/gradle-4.7-all/4cret0dgl5o3b21weaoncl7ys/gradle-4.7/lib/jul-to-slf4j-1.7.16.jar
7fc356e90000-7fc356e92000 r--s 00003000 103:01 9572554                   /home/soham/.gradle/wrapper/dists/gradle-4.7-all/4cret0dgl5o3b21weaoncl7ys/gradle-4.7/lib/jcl-over-slf4j-1.7.16.jar
7fc356e92000-7fc356e99000 r--s 00032000 103:01 9572534                   /home/soham/.gradle/wrapper/dists/gradle-4.7-all/4cret0dgl5o3b21weaoncl7ys/gradle-4.7/lib/gradle-logging-4.7.jar
7fc356e99000-7fc356ea8000 r--s 00083000 103:01 9572540                   /home/soham/.gradle/wrapper/dists/gradle-4.7-all/4cret0dgl5o3b21weaoncl7ys/gradle-4.7/lib/gradle-model-core-4.7.jar
7fc356ea8000-7fc356eaa000 r--s 00006000 103:01 9572541                   /home/soham/.gradle/wrapper/dists/gradle-4.7-all/4cret0dgl5o3b21weaoncl7ys/gradle-4.7/lib/gradle-base-services-groovy-4.7.jar
7fc356eaa000-7fc356eac000 r--s 00007000 103:01 9572539                   /home/soham/.gradle/wrapper/dists/gradle-4.7-all/4cret0dgl5o3b21weaoncl7ys/gradle-4.7/lib/gradle-model-groovy-4.7.jar
7fc356eac000-7fc356ead000 r--s 00002000 103:01 9572546                   /home/soham/.gradle/wrapper/dists/gradle-4.7-all/4cret0dgl5o3b21weaoncl7ys/gradle-4.7/lib/gradle-docs-4.7.jar
7fc356ead000-7fc356eb6000 r--s 0002d000 103:01 9572569                   /home/soham/.gradle/wrapper/dists/gradle-4.7-all/4cret0dgl5o3b21weaoncl7ys/gradle-4.7/lib/xml-apis-1.4.01.jar
7fc356eb6000-7fc356eb7000 r--s 00000000 103:01 9572565                   /home/soham/.gradle/wrapper/dists/gradle-4.7-all/4cret0dgl5o3b21weaoncl7ys/gradle-4.7/lib/javax.inject-1.jar
7fc356eb7000-7fc356f27000 r--s 00646000 103:01 9572563                   /home/soham/.gradle/wrapper/dists/gradle-4.7-all/4cret0dgl5o3b21weaoncl7ys/gradle-4.7/lib/groovy-all-2.4.12.jar
7fc356f27000-7fc356f31000 r--s 00078000 103:01 9572568                   /home/soham/.gradle/wrapper/dists/gradle-4.7-all/4cret0dgl5o3b21weaoncl7ys/gradle-4.7/lib/commons-compress-1.14.jar
7fc356f31000-7fc356f3e000 r--s 00083000 103:01 9572566                   /home/soham/.gradle/wrapper/dists/gradle-4.7-all/4cret0dgl5o3b21weaoncl7ys/gradle-4.7/lib/commons-collections-3.2.2.jar
7fc356f3e000-7fc356f3f000 r--s 00007000 103:01 9572548                   /home/soham/.gradle/wrapper/dists/gradle-4.7-all/4cret0dgl5o3b21weaoncl7ys/gradle-4.7/lib/asm-analysis-6.1.1.jar
7fc356f3f000-7fc356f41000 r--s 0000b000 103:01 9572549                   /home/soham/.gradle/wrapper/dists/gradle-4.7-all/4cret0dgl5o3b21weaoncl7ys/gradle-4.7/lib/asm-tree-6.1.1.jar
7fc356f41000-7fc356f42000 r--s 00012000 103:01 9572547                   /home/soham/.gradle/wrapper/dists/gradle-4.7-all/4cret0dgl5o3b21weaoncl7ys/gradle-4.7/lib/asm-commons-6.1.1.jar
7fc356f42000-7fc356f43000 r--s 00004000 103:01 9572572                   /home/soham/.gradle/wrapper/dists/gradle-4.7-all/4cret0dgl5o3b21weaoncl7ys/gradle-4.7/lib/native-platform-freebsd-amd64-libcpp-0.14.jar
7fc356f43000-7fc356f44000 r--s 00004000 103:01 9572573                   /home/soham/.gradle/wrapper/dists/gradle-4.7-all/4cret0dgl5o3b21weaoncl7ys/gradle-4.7/lib/native-platform-freebsd-amd64-libstdcpp-0.14.jar
7fc356f44000-7fc356f45000 r--s 00004000 103:01 9572574                   /home/soham/.gradle/wrapper/dists/gradle-4.7-all/4cret0dgl5o3b21weaoncl7ys/gradle-4.7/lib/native-platform-freebsd-i386-libcpp-0.14.jar
7fc356f45000-7fc356f46000 r--s 00003000 103:01 9572575                   /home/soham/.gradle/wrapper/dists/gradle-4.7-all/4cret0dgl5o3b21weaoncl7ys/gradle-4.7/lib/native-platform-freebsd-i386-libstdcpp-0.14.jar
7fc356f46000-7fc356f47000 r--s 00002000 103:01 9572576                   /home/soham/.gradle/wrapper/dists/gradle-4.7-all/4cret0dgl5o3b21weaoncl7ys/gradle-4.7/lib/native-platform-linux-amd64-0.14.jar
7fc356f47000-7fc356f48000 r--s 00002000 103:01 9572577                   /home/soham/.gradle/wrapper/dists/gradle-4.7-all/4cret0dgl5o3b21weaoncl7ys/gradle-4.7/lib/native-platform-linux-i386-0.14.jar
7fc356f48000-7fc356f4a000 r--s 00002000 103:01 9572578                   /home/soham/.gradle/wrapper/dists/gradle-4.7-all/4cret0dgl5o3b21weaoncl7ys/gradle-4.7/lib/native-platform-osx-amd64-0.14.jar
7fc356f4a000-7fc356f4b000 r--s 00003000 103:01 9572579                   /home/soham/.gradle/wrapper/dists/gradle-4.7-all/4cret0dgl5o3b21weaoncl7ys/gradle-4.7/lib/native-platform-osx-i386-0.14.jar
7fc356f4b000-7fc356f4d000 r--s 0000b000 103:01 9572580                   /home/soham/.gradle/wrapper/dists/gradle-4.7-all/4cret0dgl5o3b21weaoncl7ys/gradle-4.7/lib/native-platform-windows-amd64-0.14.jar
7fc356f4d000-7fc356f4e000 r--s 0000b000 103:01 9572581                   /home/soham/.gradle/wrapper/dists/gradle-4.7-all/4cret0dgl5o3b21weaoncl7ys/gradle-4.7/lib/native-platform-windows-i386-0.14.jar
7fc356f4e000-7fc356f4f000 r--s 00001000 103:01 9572582                   /home/soham/.gradle/wrapper/dists/gradle-4.7-all/4cret0dgl5o3b21weaoncl7ys/gradle-4.7/lib/native-platform-linux-amd64-ncurses5-0.14.jar
7fc356f4f000-7fc356f50000 r--s 00001000 103:01 9572583                   /home/soham/.gradle/wrapper/dists/gradle-4.7-all/4cret0dgl5o3b21weaoncl7ys/gradle-4.7/lib/native-platform-linux-amd64-ncurses6-0.14.jar
7fc356f50000-7fc356f54000 r--s 00012000 103:01 9572567                   /home/soham/.gradle/wrapper/dists/gradle-4.7-all/4cret0dgl5o3b21weaoncl7ys/gradle-4.7/lib/native-platform-0.14.jar
7fc356f54000-7fc356f57000 r--s 00023000 103:01 9572570                   /home/soham/.gradle/wrapper/dists/gradle-4.7-all/4cret0dgl5o3b21weaoncl7ys/gradle-4.7/lib/jansi-1.14.jar
7fc356f57000-7fc356f5a000 r--s 0000c000 103:01 9572538                   /home/soham/.gradle/wrapper/dists/gradle-4.7-all/4cret0dgl5o3b21weaoncl7ys/gradle-4.7/lib/gradle-native-4.7.jar
7fc356f5a000-7fc356f5c000 r--s 0000f000 103:01 9572551                   /home/soham/.gradle/wrapper/dists/gradle-4.7-all/4cret0dgl5o3b21weaoncl7ys/gradle-4.7/lib/reflectasm-1.07-shaded.jar
7fc356f5c000-7fc356f5e000 r--s 00000000 103:01 9572586                   /home/soham/.gradle/wrapper/dists/gradle-4.7-all/4cret0dgl5o3b21weaoncl7ys/gradle-4.7/lib/minlog-1.2.jar
7fc356f5e000-7fc356f65000 r--s 0002b000 103:01 9572542                   /home/soham/.gradle/wrapper/dists/gradle-4.7-all/4cret0dgl5o3b21weaoncl7ys/gradle-4.7/lib/gradle-messaging-4.7.jar
7fc356f65000-7fc356f8d000 r--s 001cf000 103:01 9572558                   /home/soham/.gradle/wrapper/dists/gradle-4.7-all/4cret0dgl5o3b21weaoncl7ys/gradle-4.7/lib/guava-jdk5-17.0.jar
7fc356f8d000-7fc356fcc000 r--s 0021e000 103:01 9572530                   /home/soham/.gradle/wrapper/dists/gradle-4.7-all/4cret0dgl5o3b21weaoncl7ys/gradle-4.7/lib/gradle-core-4.7.jar
7fc356fcc000-7fc356fdd000 r-xp 00000000 103:01 24118857                  /usr/lib/jvm/java-8-oracle/jre/lib/amd64/libnio.so
7fc356fdd000-7fc3571dc000 ---p 00011000 103:01 24118857                  /usr/lib/jvm/java-8-oracle/jre/lib/amd64/libnio.so
7fc3571dc000-7fc3571dd000 rw-p 00010000 103:01 24118857                  /usr/lib/jvm/java-8-oracle/jre/lib/amd64/libnio.so
7fc3571dd000-7fc3571f3000 r-xp 00000000 103:01 24118854                  /usr/lib/jvm/java-8-oracle/jre/lib/amd64/libnet.so
7fc3571f3000-7fc3573f3000 ---p 00016000 103:01 24118854                  /usr/lib/jvm/java-8-oracle/jre/lib/amd64/libnet.so
7fc3573f3000-7fc3573f4000 rw-p 00016000 103:01 24118854                  /usr/lib/jvm/java-8-oracle/jre/lib/amd64/libnet.so
7fc3573f4000-7fc3573f5000 ---p 00000000 00:00 0 
7fc3573f5000-7fc3574f5000 rw-p 00000000 00:00 0 
7fc3574f5000-7fc3574f8000 ---p 00000000 00:00 0 
7fc3574f8000-7fc3575f6000 rw-p 00000000 00:00 0 
7fc3575f6000-7fc3575f7000 ---p 00000000 00:00 0 
7fc3575f7000-7fc3575fa000 ---p 00000000 00:00 0 
7fc3575fa000-7fc3576f7000 rw-p 00000000 00:00 0 
7fc3576f7000-7fc3576f8000 ---p 00000000 00:00 0 
7fc3576f8000-7fc3576fb000 ---p 00000000 00:00 0 
7fc3576fb000-7fc3577f8000 rw-p 00000000 00:00 0 
7fc3577f8000-7fc3577f9000 ---p 00000000 00:00 0 
7fc3577f9000-7fc3577fc000 ---p 00000000 00:00 0 
7fc3577fc000-7fc3578f9000 rw-p 00000000 00:00 0 
7fc3578f9000-7fc3578fa000 ---p 00000000 00:00 0 
7fc3578fa000-7fc3578fd000 ---p 00000000 00:00 0 
7fc3578fd000-7fc3579fa000 rw-p 00000000 00:00 0 
7fc3579fa000-7fc3579fb000 ---p 00000000 00:00 0 
7fc3579fb000-7fc3579fe000 ---p 00000000 00:00 0 
7fc3579fe000-7fc357afb000 rw-p 00000000 00:00 0 
7fc357afb000-7fc357afc000 ---p 00000000 00:00 0 
7fc357afc000-7fc357aff000 ---p 00000000 00:00 0 
7fc357aff000-7fc357bfc000 rw-p 00000000 00:00 0 
7fc357bfc000-7fc357bfd000 ---p 00000000 00:00 0 
7fc357bfd000-7fc357c00000 ---p 00000000 00:00 0 
7fc357c00000-7fc357cfd000 rw-p 00000000 00:00 0 
7fc357cfd000-7fc357cfe000 ---p 00000000 00:00 0 
7fc357cfe000-7fc357d01000 ---p 00000000 00:00 0 
7fc357d01000-7fc357dfe000 rw-p 00000000 00:00 0 
7fc357dfe000-7fc357dff000 ---p 00000000 00:00 0 
7fc357dff000-7fc357e02000 ---p 00000000 00:00 0 
7fc357e02000-7fc357eff000 rw-p 00000000 00:00 0 
7fc357eff000-7fc357f00000 ---p 00000000 00:00 0 
7fc357f00000-7fc357f03000 ---p 00000000 00:00 0 
7fc357f03000-7fc358000000 rw-p 00000000 00:00 0 
7fc358000000-7fc358021000 rw-p 00000000 00:00 0 
7fc358021000-7fc35c000000 ---p 00000000 00:00 0 
7fc35c000000-7fc35c002000 r--s 00007000 103:01 9572587                   /home/soham/.gradle/wrapper/dists/gradle-4.7-all/4cret0dgl5o3b21weaoncl7ys/gradle-4.7/lib/objenesis-1.2.jar
7fc35c002000-7fc35c006000 r--s 00026000 103:01 9572550                   /home/soham/.gradle/wrapper/dists/gradle-4.7-all/4cret0dgl5o3b21weaoncl7ys/gradle-4.7/lib/kryo-2.20.jar
7fc35c006000-7fc35c025000 r--s 001d5000 103:01 9572564                   /home/soham/.gradle/wrapper/dists/gradle-4.7-all/4cret0dgl5o3b21weaoncl7ys/gradle-4.7/lib/ant-1.9.9.jar
7fc35c025000-7fc35c032000 r--s 00035000 103:01 9572532                   /home/soham/.gradle/wrapper/dists/gradle-4.7-all/4cret0dgl5o3b21weaoncl7ys/gradle-4.7/lib/gradle-core-api-4.7.jar
7fc35c032000-7fc35c03e000 r--s 0005b000 103:01 9572543                   /home/soham/.gradle/wrapper/dists/gradle-4.7-all/4cret0dgl5o3b21weaoncl7ys/gradle-4.7/lib/gradle-base-services-4.7.jar
7fc35c03e000-7fc35c03f000 ---p 00000000 00:00 0 
7fc35c03f000-7fc35c042000 ---p 00000000 00:00 0 
7fc35c042000-7fc35c13f000 rw-p 00000000 00:00 0 
7fc35c13f000-7fc35c140000 ---p 00000000 00:00 0 
7fc35c140000-7fc35c143000 ---p 00000000 00:00 0 
7fc35c143000-7fc35c240000 rw-p 00000000 00:00 0 
7fc35c240000-7fc35c243000 ---p 00000000 00:00 0 
7fc35c243000-7fc35c341000 rw-p 00000000 00:00 0 
7fc35c341000-7fc35c8b0000 r--p 00000000 103:01 19267715                  /usr/lib/locale/locale-archive
7fc35c8b0000-7fc35c8b3000 ---p 00000000 00:00 0 
7fc35c8b3000-7fc35c9b1000 rw-p 00000000 00:00 0 
7fc35c9b1000-7fc35c9b4000 ---p 00000000 00:00 0 
7fc35c9b4000-7fc35cab2000 rw-p 00000000 00:00 0 
7fc35cab2000-7fc35cab3000 ---p 00000000 00:00 0 
7fc35cab3000-7fc35f626000 rw-p 00000000 00:00 0 
7fc35f626000-7fc35f800000 r--s 03d6b000 103:01 21628621                  /usr/lib/jvm/java-8-oracle/jre/lib/rt.jar
7fc35f800000-7fc35ff40000 rw-p 00000000 00:00 0 
7fc35ff40000-7fc360000000 ---p 00000000 00:00 0 
7fc360000000-7fc360021000 rw-p 00000000 00:00 0 
7fc360021000-7fc364000000 ---p 00000000 00:00 0 
7fc364000000-7fc364001000 r--s 00001000 103:01 9572584                   /home/soham/.gradle/wrapper/dists/gradle-4.7-all/4cret0dgl5o3b21weaoncl7ys/gradle-4.7/lib/native-platform-linux-i386-ncurses5-0.14.jar
7fc364001000-7fc364003000 r--s 00006000 103:01 9572535                   /home/soham/.gradle/wrapper/dists/gradle-4.7-all/4cret0dgl5o3b21weaoncl7ys/gradle-4.7/lib/gradle-process-services-4.7.jar
7fc364003000-7fc364005000 r--s 00000000 103:01 9572531                   /home/soham/.gradle/wrapper/dists/gradle-4.7-all/4cret0dgl5o3b21weaoncl7ys/gradle-4.7/lib/gradle-jvm-services-4.7.jar
7fc364005000-7fc364007000 r--s 00006000 103:01 9572559                   /home/soham/.gradle/wrapper/dists/gradle-4.7-all/4cret0dgl5o3b21weaoncl7ys/gradle-4.7/lib/jsr305-2.0.1.jar
7fc364007000-7fc36400a000 r--s 0001a000 103:01 9572560                   /home/soham/.gradle/wrapper/dists/gradle-4.7-all/4cret0dgl5o3b21weaoncl7ys/gradle-4.7/lib/fastutil-7.2.1-min.jar
7fc36400a000-7fc365000000 rw-p 00000000 00:00 0 
7fc365000000-7fc365470000 rwxp 00000000 00:00 0 
7fc365470000-7fc374000000 ---p 00000000 00:00 0 
7fc374000000-7fc374ab3000 rw-p 00000000 00:00 0 
7fc374ab3000-7fc378000000 ---p 00000000 00:00 0 
7fc378000000-7fc378001000 r--s 00001000 103:01 9572585                   /home/soham/.gradle/wrapper/dists/gradle-4.7-all/4cret0dgl5o3b21weaoncl7ys/gradle-4.7/lib/native-platform-linux-i386-ncurses6-0.14.jar
7fc378001000-7fc378006000 r--s 00041000 103:01 9572561                   /home/soham/.gradle/wrapper/dists/gradle-4.7-all/4cret0dgl5o3b21weaoncl7ys/gradle-4.7/lib/commons-lang-2.6.jar
7fc378006000-7fc37832f000 rw-p 00000000 00:00 0 
7fc37832f000-7fc378330000 ---p 00000000 00:00 0 
7fc378330000-7fc378430000 rw-p 00000000 00:00 0 
7fc378430000-7fc378431000 ---p 00000000 00:00 0 
7fc378431000-7fc378531000 rw-p 00000000 00:00 0 
7fc378531000-7fc378532000 ---p 00000000 00:00 0 
7fc378532000-7fc378632000 rw-p 00000000 00:00 0 
7fc378632000-7fc378633000 ---p 00000000 00:00 0 
7fc378633000-7fc378733000 rw-p 00000000 00:00 0 
7fc378733000-7fc378734000 ---p 00000000 00:00 0 
7fc378734000-7fc378834000 rw-p 00000000 00:00 0 
7fc378834000-7fc378835000 ---p 00000000 00:00 0 
7fc378835000-7fc378935000 rw-p 00000000 00:00 0 
7fc378935000-7fc378936000 ---p 00000000 00:00 0 
7fc378936000-7fc378a36000 rw-p 00000000 00:00 0 
7fc378a36000-7fc378a37000 ---p 00000000 00:00 0 
7fc378a37000-7fc378b37000 rw-p 00000000 00:00 0 
7fc378b37000-7fc378b38000 ---p 00000000 00:00 0 
7fc378b38000-7fc378c38000 rw-p 00000000 00:00 0 
7fc378c38000-7fc378c39000 ---p 00000000 00:00 0 
7fc378c39000-7fc378d39000 rw-p 00000000 00:00 0 
7fc378d39000-7fc378d3a000 ---p 00000000 00:00 0 
7fc378d3a000-7fc378e3a000 rw-p 00000000 00:00 0 
7fc378e3a000-7fc378e3b000 ---p 00000000 00:00 0 
7fc378e3b000-7fc378f3b000 rw-p 00000000 00:00 0 
7fc378f3b000-7fc378f3c000 ---p 00000000 00:00 0 
7fc378f3c000-7fc3790e4000 rw-p 00000000 00:00 0 
7fc3790e4000-7fc379ab4000 ---p 00000000 00:00 0 
7fc379ab4000-7fc379b5c000 rw-p 00000000 00:00 0 
7fc379b5c000-7fc37a52c000 ---p 00000000 00:00 0 
7fc37a52c000-7fc37a580000 rw-p 00000000 00:00 0 
7fc37a580000-7fc37aa68000 ---p 00000000 00:00 0 
7fc37aa68000-7fc37aa7b000 rw-p 00000000 00:00 0 
7fc37aa7b000-7fc37ae29000 ---p 00000000 00:00 0 
7fc37ae29000-7fc37ae44000 r-xp 00000000 103:01 24118850                  /usr/lib/jvm/java-8-oracle/jre/lib/amd64/libzip.so
7fc37ae44000-7fc37b044000 ---p 0001b000 103:01 24118850                  /usr/lib/jvm/java-8-oracle/jre/lib/amd64/libzip.so
7fc37b044000-7fc37b045000 rw-p 0001b000 103:01 24118850                  /usr/lib/jvm/java-8-oracle/jre/lib/amd64/libzip.so
7fc37b045000-7fc37b048000 r--p 00000000 103:01 22160351                  /lib/x86_64-linux-gnu/libnss_files-2.28.so
7fc37b048000-7fc37b04f000 r-xp 00003000 103:01 22160351                  /lib/x86_64-linux-gnu/libnss_files-2.28.so
7fc37b04f000-7fc37b052000 r--p 0000a000 103:01 22160351                  /lib/x86_64-linux-gnu/libnss_files-2.28.so
7fc37b052000-7fc37b053000 r--p 0000c000 103:01 22160351                  /lib/x86_64-linux-gnu/libnss_files-2.28.so
7fc37b053000-7fc37b054000 rw-p 0000d000 103:01 22160351                  /lib/x86_64-linux-gnu/libnss_files-2.28.so
7fc37b054000-7fc37b05a000 rw-p 00000000 00:00 0 
7fc37b05a000-7fc37b05e000 r--p 00000000 103:01 22160348                  /lib/x86_64-linux-gnu/libnsl-2.28.so
7fc37b05e000-7fc37b06c000 r-xp 00004000 103:01 22160348                  /lib/x86_64-linux-gnu/libnsl-2.28.so
7fc37b06c000-7fc37b071000 r--p 00012000 103:01 22160348                  /lib/x86_64-linux-gnu/libnsl-2.28.so
7fc37b071000-7fc37b072000 r--p 00016000 103:01 22160348                  /lib/x86_64-linux-gnu/libnsl-2.28.so
7fc37b072000-7fc37b073000 rw-p 00017000 103:01 22160348                  /lib/x86_64-linux-gnu/libnsl-2.28.so
7fc37b073000-7fc37b075000 rw-p 00000000 00:00 0 
7fc37b075000-7fc37b079000 r--s 0002a000 103:01 9572553                   /home/soham/.gradle/wrapper/dists/gradle-4.7-all/4cret0dgl5o3b21weaoncl7ys/gradle-4.7/lib/commons-io-2.4.jar
7fc37b079000-7fc37b07b000 r--s 00019000 103:01 9572552                   /home/soham/.gradle/wrapper/dists/gradle-4.7-all/4cret0dgl5o3b21weaoncl7ys/gradle-4.7/lib/asm-6.1.1.jar
7fc37b07b000-7fc37b088000 r--s 00063000 103:01 9572525                   /home/soham/.gradle/wrapper/dists/gradle-4.7-all/4cret0dgl5o3b21weaoncl7ys/gradle-4.7/lib/gradle-launcher-4.7.jar
7fc37b088000-7fc37b08d000 r--s 0009d000 103:01 21628626                  /usr/lib/jvm/java-8-oracle/jre/lib/jsse.jar
7fc37b08d000-7fc37b095000 rw-s 00000000 103:01 14299923                  /tmp/hsperfdata_soham/31702
7fc37b095000-7fc37b0c0000 r-xp 00000000 103:01 24118844                  /usr/lib/jvm/java-8-oracle/jre/lib/amd64/libjava.so
7fc37b0c0000-7fc37b2bf000 ---p 0002b000 103:01 24118844                  /usr/lib/jvm/java-8-oracle/jre/lib/amd64/libjava.so
7fc37b2bf000-7fc37b2c1000 rw-p 0002a000 103:01 24118844                  /usr/lib/jvm/java-8-oracle/jre/lib/amd64/libjava.so
7fc37b2c1000-7fc37b2ce000 r-xp 00000000 103:01 24118849                  /usr/lib/jvm/java-8-oracle/jre/lib/amd64/libverify.so
7fc37b2ce000-7fc37b4ce000 ---p 0000d000 103:01 24118849                  /usr/lib/jvm/java-8-oracle/jre/lib/amd64/libverify.so
7fc37b4ce000-7fc37b4d0000 rw-p 0000d000 103:01 24118849                  /usr/lib/jvm/java-8-oracle/jre/lib/amd64/libverify.so
7fc37b4d0000-7fc37b4d2000 r--p 00000000 103:01 22160358                  /lib/x86_64-linux-gnu/librt-2.28.so
7fc37b4d2000-7fc37b4d6000 r-xp 00002000 103:01 22160358                  /lib/x86_64-linux-gnu/librt-2.28.so
7fc37b4d6000-7fc37b4d8000 r--p 00006000 103:01 22160358                  /lib/x86_64-linux-gnu/librt-2.28.so
7fc37b4d8000-7fc37b4d9000 r--p 00007000 103:01 22160358                  /lib/x86_64-linux-gnu/librt-2.28.so
7fc37b4d9000-7fc37b4da000 rw-p 00008000 103:01 22160358                  /lib/x86_64-linux-gnu/librt-2.28.so
7fc37b4da000-7fc37b4db000 ---p 00000000 00:00 0 
7fc37b4db000-7fc37b4de000 ---p 00000000 00:00 0 
7fc37b4de000-7fc37b5db000 rw-p 00000000 00:00 0 
7fc37b5db000-7fc37b5e8000 r--p 00000000 103:01 22160345                  /lib/x86_64-linux-gnu/libm-2.28.so
7fc37b5e8000-7fc37b693000 r-xp 0000d000 103:01 22160345                  /lib/x86_64-linux-gnu/libm-2.28.so
7fc37b693000-7fc37b766000 r--p 000b8000 103:01 22160345                  /lib/x86_64-linux-gnu/libm-2.28.so
7fc37b766000-7fc37b767000 r--p 0018a000 103:01 22160345                  /lib/x86_64-linux-gnu/libm-2.28.so
7fc37b767000-7fc37b768000 rw-p 0018b000 103:01 22160345                  /lib/x86_64-linux-gnu/libm-2.28.so
7fc37b768000-7fc37c444000 r-xp 00000000 103:01 24118826                  /usr/lib/jvm/java-8-oracle/jre/lib/amd64/server/libjvm.so
7fc37c444000-7fc37c644000 ---p 00cdc000 103:01 24118826                  /usr/lib/jvm/java-8-oracle/jre/lib/amd64/server/libjvm.so
7fc37c644000-7fc37c71e000 rw-p 00cdc000 103:01 24118826                  /usr/lib/jvm/java-8-oracle/jre/lib/amd64/server/libjvm.so
7fc37c71e000-7fc37c76b000 rw-p 00000000 00:00 0 
7fc37c76b000-7fc37c78d000 r--p 00000000 103:01 22160342                  /lib/x86_64-linux-gnu/libc-2.28.so
7fc37c78d000-7fc37c8fe000 r-xp 00022000 103:01 22160342                  /lib/x86_64-linux-gnu/libc-2.28.so
7fc37c8fe000-7fc37c94a000 r--p 00193000 103:01 22160342                  /lib/x86_64-linux-gnu/libc-2.28.so
7fc37c94a000-7fc37c94b000 ---p 001df000 103:01 22160342                  /lib/x86_64-linux-gnu/libc-2.28.so
7fc37c94b000-7fc37c94f000 r--p 001df000 103:01 22160342                  /lib/x86_64-linux-gnu/libc-2.28.so
7fc37c94f000-7fc37c951000 rw-p 001e3000 103:01 22160342                  /lib/x86_64-linux-gnu/libc-2.28.so
7fc37c951000-7fc37c955000 rw-p 00000000 00:00 0 
7fc37c955000-7fc37c956000 r--p 00000000 103:01 22160344                  /lib/x86_64-linux-gnu/libdl-2.28.so
7fc37c956000-7fc37c958000 r-xp 00001000 103:01 22160344                  /lib/x86_64-linux-gnu/libdl-2.28.so
7fc37c958000-7fc37c959000 r--p 00003000 103:01 22160344                  /lib/x86_64-linux-gnu/libdl-2.28.so
7fc37c959000-7fc37c95a000 r--p 00003000 103:01 22160344                  /lib/x86_64-linux-gnu/libdl-2.28.so
7fc37c95a000-7fc37c95b000 rw-p 00004000 103:01 22160344                  /lib/x86_64-linux-gnu/libdl-2.28.so
7fc37c95b000-7fc37c971000 r-xp 00000000 103:01 20846790                  /usr/lib/jvm/java-8-oracle/lib/amd64/jli/libjli.so
7fc37c971000-7fc37cb70000 ---p 00016000 103:01 20846790                  /usr/lib/jvm/java-8-oracle/lib/amd64/jli/libjli.so
7fc37cb70000-7fc37cb71000 rw-p 00015000 103:01 20846790                  /usr/lib/jvm/java-8-oracle/lib/amd64/jli/libjli.so
7fc37cb71000-7fc37cb77000 r--p 00000000 103:01 22160356                  /lib/x86_64-linux-gnu/libpthread-2.28.so
7fc37cb77000-7fc37cb86000 r-xp 00006000 103:01 22160356                  /lib/x86_64-linux-gnu/libpthread-2.28.so
7fc37cb86000-7fc37cb8c000 r--p 00015000 103:01 22160356                  /lib/x86_64-linux-gnu/libpthread-2.28.so
7fc37cb8c000-7fc37cb8d000 r--p 0001a000 103:01 22160356                  /lib/x86_64-linux-gnu/libpthread-2.28.so
7fc37cb8d000-7fc37cb8e000 rw-p 0001b000 103:01 22160356                  /lib/x86_64-linux-gnu/libpthread-2.28.so
7fc37cb8e000-7fc37cb94000 rw-p 00000000 00:00 0 
7fc37cb94000-7fc37cb95000 r--s 00000000 103:01 9572562                   /home/soham/.gradle/wrapper/dists/gradle-4.7-all/4cret0dgl5o3b21weaoncl7ys/gradle-4.7/lib/jcip-annotations-1.0.jar
7fc37cb95000-7fc37cb96000 r--s 00009000 103:01 9572557                   /home/soham/.gradle/wrapper/dists/gradle-4.7-all/4cret0dgl5o3b21weaoncl7ys/gradle-4.7/lib/slf4j-api-1.7.16.jar
7fc37cb96000-7fc37cb97000 r--s 00004000 103:01 9572571                   /home/soham/.gradle/wrapper/dists/gradle-4.7-all/4cret0dgl5o3b21weaoncl7ys/gradle-4.7/lib/ant-launcher-1.9.9.jar
7fc37cb97000-7fc37cb99000 r--s 0000c000 103:01 10228492                  /home/soham/android/projects/LoginTest/gradle/wrapper/gradle-wrapper.jar
7fc37cb99000-7fc37cb9b000 r--p 00000000 103:01 22160353                  /lib/x86_64-linux-gnu/libnss_nis-2.28.so
7fc37cb9b000-7fc37cba3000 r-xp 00002000 103:01 22160353                  /lib/x86_64-linux-gnu/libnss_nis-2.28.so
7fc37cba3000-7fc37cba5000 r--p 0000a000 103:01 22160353                  /lib/x86_64-linux-gnu/libnss_nis-2.28.so
7fc37cba5000-7fc37cba6000 r--p 0000b000 103:01 22160353                  /lib/x86_64-linux-gnu/libnss_nis-2.28.so
7fc37cba6000-7fc37cba7000 rw-p 0000c000 103:01 22160353                  /lib/x86_64-linux-gnu/libnss_nis-2.28.so
7fc37cba7000-7fc37cba9000 r--p 00000000 103:01 22160349                  /lib/x86_64-linux-gnu/libnss_compat-2.28.so
7fc37cba9000-7fc37cbaf000 r-xp 00002000 103:01 22160349                  /lib/x86_64-linux-gnu/libnss_compat-2.28.so
7fc37cbaf000-7fc37cbb0000 r--p 00008000 103:01 22160349                  /lib/x86_64-linux-gnu/libnss_compat-2.28.so
7fc37cbb0000-7fc37cbb1000 r--p 00008000 103:01 22160349                  /lib/x86_64-linux-gnu/libnss_compat-2.28.so
7fc37cbb1000-7fc37cbb2000 rw-p 00009000 103:01 22160349                  /lib/x86_64-linux-gnu/libnss_compat-2.28.so
7fc37cbb2000-7fc37cbb3000 rw-p 00000000 00:00 0 
7fc37cbb3000-7fc37cbb4000 r--p 00000000 00:00 0 
7fc37cbb4000-7fc37cbb5000 r--p 00000000 103:01 22157183                  /lib/x86_64-linux-gnu/ld-2.28.so
7fc37cbb5000-7fc37cbd5000 r-xp 00001000 103:01 22157183                  /lib/x86_64-linux-gnu/ld-2.28.so
7fc37cbd5000-7fc37cbdd000 r--p 00021000 103:01 22157183                  /lib/x86_64-linux-gnu/ld-2.28.so
7fc37cbdd000-7fc37cbde000 r--p 00028000 103:01 22157183                  /lib/x86_64-linux-gnu/ld-2.28.so
7fc37cbde000-7fc37cbdf000 rw-p 00029000 103:01 22157183                  /lib/x86_64-linux-gnu/ld-2.28.so
7fc37cbdf000-7fc37cbe0000 rw-p 00000000 00:00 0 
7ffe02e24000-7ffe02e45000 rw-p 00000000 00:00 0                          [stack]
7ffe02e9f000-7ffe02ea2000 r--p 00000000 00:00 0                          [vvar]
7ffe02ea2000-7ffe02ea4000 r-xp 00000000 00:00 0                          [vdso]
ffffffffff600000-ffffffffff601000 r-xp 00000000 00:00 0                  [vsyscall]

VM Arguments:
jvm_args: -Dorg.gradle.appname=gradlew 
java_command: org.gradle.wrapper.GradleWrapperMain test
java_class_path (initial): /home/soham/android/projects/LoginTest/gradle/wrapper/gradle-wrapper.jar
Launcher Type: SUN_STANDARD

Environment Variables:
JAVA_HOME=/usr/lib/jvm/java-8-oracle
PATH=/home/soham/bin:/home/soham/bin:/home/soham/bin:/usr/local/sbin:/usr/local/bin:/usr/sbin:/usr/bin:/sbin:/bin:/usr/games:/usr/local/games:/snap/bin:/usr/lib/jvm/java-8-oracle/bin:/usr/lib/jvm/java-8-oracle/db/bin:/usr/lib/jvm/java-8-oracle/jre/bin:/usr/lib/jvm/java-8-oracle/bin:/usr/lib/jvm/java-8-oracle/db/bin:/usr/lib/jvm/java-8-oracle/jre/bin:/usr/lib/jvm/java-8-oracle/bin:/usr/lib/jvm/java-8-oracle/db/bin:/usr/lib/jvm/java-8-oracle/jre/bin
USERNAME=soham
SHELL=/bin/bash
DISPLAY=:0

Signal Handlers:
SIGSEGV: [libjvm.so+0xad2a40], sa_mask[0]=11111111011111111101111111111110, sa_flags=SA_RESTART|SA_SIGINFO
SIGBUS: [libjvm.so+0xad2a40], sa_mask[0]=11111111011111111101111111111110, sa_flags=SA_RESTART|SA_SIGINFO
SIGFPE: [libjvm.so+0x92a610], sa_mask[0]=11111111011111111101111111111110, sa_flags=SA_RESTART|SA_SIGINFO
SIGPIPE: [libjvm.so+0x92a610], sa_mask[0]=11111111011111111101111111111110, sa_flags=SA_RESTART|SA_SIGINFO
SIGXFSZ: [libjvm.so+0x92a610], sa_mask[0]=11111111011111111101111111111110, sa_flags=SA_RESTART|SA_SIGINFO
SIGILL: [libjvm.so+0x92a610], sa_mask[0]=11111111011111111101111111111110, sa_flags=SA_RESTART|SA_SIGINFO
SIGUSR1: SIG_DFL, sa_mask[0]=00000000000000000000000000000000, sa_flags=none
SIGUSR2: [libjvm.so+0x92be70], sa_mask[0]=00100000000000000000000000000000, sa_flags=SA_RESTART|SA_SIGINFO
SIGHUP: [libjvm.so+0x92d270], sa_mask[0]=11111111011111111101111111111110, sa_flags=SA_RESTART|SA_SIGINFO
SIGINT: [libjvm.so+0x92d270], sa_mask[0]=11111111011111111101111111111110, sa_flags=SA_RESTART|SA_SIGINFO
SIGTERM: [libjvm.so+0x92d270], sa_mask[0]=11111111011111111101111111111110, sa_flags=SA_RESTART|SA_SIGINFO
SIGQUIT: [libjvm.so+0x92d270], sa_mask[0]=11111111011111111101111111111110, sa_flags=SA_RESTART|SA_SIGINFO


---------------  S Y S T E M  ---------------

OS:DISTRIB_ID=Ubuntu
DISTRIB_RELEASE=18.10
DISTRIB_CODENAME=cosmic
DISTRIB_DESCRIPTION="Ubuntu 18.10"

uname:Linux 4.19.8-041908-generic #201812080831 SMP Sat Dec 8 13:34:18 UTC 2018 x86_64
libc:glibc 2.28 NPTL 2.28 
rlimit: STACK 8192k, CORE 0k, NPROC 128172, NOFILE 4096, AS infinity
load average:1.37 1.52 1.48

/proc/meminfo:
MemTotal:       32925832 kB
MemFree:         2042244 kB
MemAvailable:   12874840 kB
Buffers:         1027996 kB
Cached:          9851916 kB
SwapCached:            0 kB
Active:         19855728 kB
Inactive:        4917824 kB
Active(anon):   13906336 kB
Inactive(anon):   559788 kB
Active(file):    5949392 kB
Inactive(file):  4358036 kB
Unevictable:       12096 kB
Mlocked:           12096 kB
SwapTotal:       2097148 kB
SwapFree:        2097148 kB
Dirty:             82204 kB
Writeback:             0 kB
AnonPages:      13905996 kB
Mapped:          2758820 kB
Shmem:            572488 kB
Slab:            1329960 kB
SReclaimable:     984972 kB
SUnreclaim:       344988 kB
KernelStack:       47664 kB
PageTables:       175188 kB
NFS_Unstable:          0 kB
Bounce:                0 kB
WritebackTmp:          0 kB
CommitLimit:    18560064 kB
Committed_AS:   46266516 kB
VmallocTotal:   34359738367 kB
VmallocUsed:           0 kB
VmallocChunk:          0 kB
Percpu:            12736 kB
HardwareCorrupted:     0 kB
AnonHugePages:         0 kB
ShmemHugePages:        0 kB
ShmemPmdMapped:        0 kB
CmaTotal:              0 kB
CmaFree:               0 kB
HugePages_Total:       0
HugePages_Free:        0
HugePages_Rsvd:        0
HugePages_Surp:        0
Hugepagesize:       2048 kB
Hugetlb:               0 kB
DirectMap4k:     5039744 kB
DirectMap2M:    26341376 kB
DirectMap1G:     3145728 kB


CPU:total 16 (initial active 16) (16 cores per cpu, 1 threads per core) family 23 model 8 stepping 2, cmov, cx8, fxsr, mmx, sse, sse2, sse3, ssse3, sse4.1, sse4.2, popcnt, avx, avx2, aes, clmul, mmxext, 3dnowpref, lzcnt, sse4a, tsc, tscinvbit, tscinv, bmi1

/proc/cpuinfo:
processor	: 0
vendor_id	: AuthenticAMD
cpu family	: 23
model		: 8
model name	: AMD Ryzen 7 2700X Eight-Core Processor
stepping	: 2
microcode	: 0x8008206
cpu MHz		: 2872.445
cache size	: 512 KB
physical id	: 0
siblings	: 16
core id		: 0
cpu cores	: 8
apicid		: 0
initial apicid	: 0
fpu		: yes
fpu_exception	: yes
cpuid level	: 13
wp		: yes
flags		: fpu vme de pse tsc msr pae mce cx8 apic sep mtrr pge mca cmov pat pse36 clflush mmx fxsr sse sse2 ht syscall nx mmxext fxsr_opt pdpe1gb rdtscp lm constant_tsc rep_good nopl nonstop_tsc cpuid extd_apicid aperfmperf pni pclmulqdq monitor ssse3 fma cx16 sse4_1 sse4_2 movbe popcnt aes xsave avx f16c rdrand lahf_lm cmp_legacy svm extapic cr8_legacy abm sse4a misalignsse 3dnowprefetch osvw skinit wdt tce topoext perfctr_core perfctr_nb bpext perfctr_llc mwaitx cpb hw_pstate sme ssbd sev ibpb vmmcall fsgsbase bmi1 avx2 smep bmi2 rdseed adx smap clflushopt sha_ni xsaveopt xsavec xgetbv1 xsaves clzero irperf xsaveerptr arat npt lbrv svm_lock nrip_save tsc_scale vmcb_clean flushbyasid decodeassists pausefilter pfthreshold avic v_vmsave_vmload vgif overflow_recov succor smca
bugs		: sysret_ss_attrs null_seg spectre_v1 spectre_v2 spec_store_bypass
bogomips	: 7385.05
TLB size	: 2560 4K pages
clflush size	: 64
cache_alignment	: 64
address sizes	: 43 bits physical, 48 bits virtual
power management: ts ttp tm hwpstate cpb eff_freq_ro [13] [14]

processor	: 1
vendor_id	: AuthenticAMD
cpu family	: 23
model		: 8
model name	: AMD Ryzen 7 2700X Eight-Core Processor
stepping	: 2
microcode	: 0x8008206
cpu MHz		: 2921.931
cache size	: 512 KB
physical id	: 0
siblings	: 16
core id		: 0
cpu cores	: 8
apicid		: 1
initial apicid	: 1
fpu		: yes
fpu_exception	: yes
cpuid level	: 13
wp		: yes
flags		: fpu vme de pse tsc msr pae mce cx8 apic sep mtrr pge mca cmov pat pse36 clflush mmx fxsr sse sse2 ht syscall nx mmxext fxsr_opt pdpe1gb rdtscp lm constant_tsc rep_good nopl nonstop_tsc cpuid extd_apicid aperfmperf pni pclmulqdq monitor ssse3 fma cx16 sse4_1 sse4_2 movbe popcnt aes xsave avx f16c rdrand lahf_lm cmp_legacy svm extapic cr8_legacy abm sse4a misalignsse 3dnowprefetch osvw skinit wdt tce topoext perfctr_core perfctr_nb bpext perfctr_llc mwaitx cpb hw_pstate sme ssbd sev ibpb vmmcall fsgsbase bmi1 avx2 smep bmi2 rdseed adx smap clflushopt sha_ni xsaveopt xsavec xgetbv1 xsaves clzero irperf xsaveerptr arat npt lbrv svm_lock nrip_save tsc_scale vmcb_clean flushbyasid decodeassists pausefilter pfthreshold avic v_vmsave_vmload vgif overflow_recov succor smca
bugs		: sysret_ss_attrs null_seg spectre_v1 spectre_v2 spec_store_bypass
bogomips	: 7385.05
TLB size	: 2560 4K pages
clflush size	: 64
cache_alignment	: 64
address sizes	: 43 bits physical, 48 bits virtual
power management: ts ttp tm hwpstate cpb eff_freq_ro [13] [14]

processor	: 2
vendor_id	: AuthenticAMD
cpu family	: 23
model		: 8
model name	: AMD Ryzen 7 2700X Eight-Core Processor
stepping	: 2
microcode	: 0x8008206
cpu MHz		: 2166.411
cache size	: 512 KB
physical id	: 0
siblings	: 16
core id		: 1
cpu cores	: 8
apicid		: 2
initial apicid	: 2
fpu		: yes
fpu_exception	: yes
cpuid level	: 13
wp		: yes
flags		: fpu vme de pse tsc msr pae mce cx8 apic sep mtrr pge mca cmov pat pse36 clflush mmx fxsr sse sse2 ht syscall nx mmxext fxsr_opt pdpe1gb rdtscp lm constant_tsc rep_good nopl nonstop_tsc cpuid extd_apicid aperfmperf pni pclmulqdq monitor ssse3 fma cx16 sse4_1 sse4_2 movbe popcnt aes xsave avx f16c rdrand lahf_lm cmp_legacy svm extapic cr8_legacy abm sse4a misalignsse 3dnowprefetch osvw skinit wdt tce topoext perfctr_core perfctr_nb bpext perfctr_llc mwaitx cpb hw_pstate sme ssbd sev ibpb vmmcall fsgsbase bmi1 avx2 smep bmi2 rdseed adx smap clflushopt sha_ni xsaveopt xsavec xgetbv1 xsaves clzero irperf xsaveerptr arat npt lbrv svm_lock nrip_save tsc_scale vmcb_clean flushbyasid decodeassists pausefilter pfthreshold avic v_vmsave_vmload vgif overflow_recov succor smca
bugs		: sysret_ss_attrs null_seg spectre_v1 spectre_v2 spec_store_bypass
bogomips	: 7385.05
TLB size	: 2560 4K pages
clflush size	: 64
cache_alignment	: 64
address sizes	: 43 bits physical, 48 bits virtual
power management: ts ttp tm hwpstate cpb eff_freq_ro [13] [14]

processor	: 3
vendor_id	: AuthenticAMD
cpu family	: 23
model		: 8
model name	: AMD Ryzen 7 2700X Eight-Core Processor
stepping	: 2
microcode	: 0x8008206
cpu MHz		: 2128.080
cache size	: 512 KB
physical id	: 0
siblings	: 16
core id		: 1
cpu cores	: 8
apicid		: 3
initial apicid	: 3
fpu		: yes
fpu_exception	: yes
cpuid level	: 13
wp		: yes
flags		: fpu vme de pse tsc msr pae mce cx8 apic sep mtrr pge mca cmov pat pse36 clflush mmx fxsr sse sse2 ht syscall nx mmxext fxsr_opt pdpe1gb rdtscp lm constant_tsc rep_good nopl nonstop_tsc cpuid extd_apicid aperfmperf pni pclmulqdq monitor ssse3 fma cx16 sse4_1 sse4_2 movbe popcnt aes xsave avx f16c rdrand lahf_lm cmp_legacy svm extapic cr8_legacy abm sse4a misalignsse 3dnowprefetch osvw skinit wdt tce topoext perfctr_core perfctr_nb bpext perfctr_llc mwaitx cpb hw_pstate sme ssbd sev ibpb vmmcall fsgsbase bmi1 avx2 smep bmi2 rdseed adx smap clflushopt sha_ni xsaveopt xsavec xgetbv1 xsaves clzero irperf xsaveerptr arat npt lbrv svm_lock nrip_save tsc_scale vmcb_clean flushbyasid decodeassists pausefilter pfthreshold avic v_vmsave_vmload vgif overflow_recov succor smca
bugs		: sysret_ss_attrs null_seg spectre_v1 spectre_v2 spec_store_bypass
bogomips	: 7385.05
TLB size	: 2560 4K pages
clflush size	: 64
cache_alignment	: 64
address sizes	: 43 bits physical, 48 bits virtual
power management: ts ttp tm hwpstate cpb eff_freq_ro [13] [14]

processor	: 4
vendor_id	: AuthenticAMD
cpu family	: 23
model		: 8
model name	: AMD Ryzen 7 2700X Eight-Core Processor
stepping	: 2
microcode	: 0x8008206
cpu MHz		: 2149.292
cache size	: 512 KB
physical id	: 0
siblings	: 16
core id		: 2
cpu cores	: 8
apicid		: 4
initial apicid	: 4
fpu		: yes
fpu_exception	: yes
cpuid level	: 13
wp		: yes
flags		: fpu vme de pse tsc msr pae mce cx8 apic sep mtrr pge mca cmov pat pse36 clflush mmx fxsr sse sse2 ht syscall nx mmxext fxsr_opt pdpe1gb rdtscp lm constant_tsc rep_good nopl nonstop_tsc cpuid extd_apicid aperfmperf pni pclmulqdq monitor ssse3 fma cx16 sse4_1 sse4_2 movbe popcnt aes xsave avx f16c rdrand lahf_lm cmp_legacy svm extapic cr8_legacy abm sse4a misalignsse 3dnowprefetch osvw skinit wdt tce topoext perfctr_core perfctr_nb bpext perfctr_llc mwaitx cpb hw_pstate sme ssbd sev ibpb vmmcall fsgsbase bmi1 avx2 smep bmi2 rdseed adx smap clflushopt sha_ni xsaveopt xsavec xgetbv1 xsaves clzero irperf xsaveerptr arat npt lbrv svm_lock nrip_save tsc_scale vmcb_clean flushbyasid decodeassists pausefilter pfthreshold avic v_vmsave_vmload vgif overflow_recov succor smca
bugs		: sysret_ss_attrs null_seg spectre_v1 spectre_v2 spec_store_bypass
bogomips	: 7385.05
TLB size	: 2560 4K pages
clflush size	: 64
cache_alignment	: 64
address sizes	: 43 bits physical, 48 bits virtual
power management: ts ttp tm hwpstate cpb eff_freq_ro [13] [14]

processor	: 5
vendor_id	: AuthenticAMD
cpu family	: 23
model		: 8
model name	: AMD Ryzen 7 2700X Eight-Core Processor
stepping	: 2
microcode	: 0x8008206
cpu MHz		: 2163.081
cache size	: 512 KB
physical id	: 0
siblings	: 16
core id		: 2
cpu cores	: 8
apicid		: 5
initial apicid	: 5
fpu		: yes
fpu_exception	: yes
cpuid level	: 13
wp		: yes
flags		: fpu vme de pse tsc msr pae mce cx8 apic sep mtrr pge mca cmov pat pse36 clflush mmx fxsr sse sse2 ht syscall nx mmxext fxsr_opt pdpe1gb rdtscp lm constant_tsc rep_good nopl nonstop_tsc cpuid extd_apicid aperfmperf pni pclmulqdq monitor ssse3 fma cx16 sse4_1 sse4_2 movbe popcnt aes xsave avx f16c rdrand lahf_lm cmp_legacy svm extapic cr8_legacy abm sse4a misalignsse 3dnowprefetch osvw skinit wdt tce topoext perfctr_core perfctr_nb bpext perfctr_llc mwaitx cpb hw_pstate sme ssbd sev ibpb vmmcall fsgsbase bmi1 avx2 smep bmi2 rdseed adx smap clflushopt sha_ni xsaveopt xsavec xgetbv1 xsaves clzero irperf xsaveerptr arat npt lbrv svm_lock nrip_save tsc_scale vmcb_clean flushbyasid decodeassists pausefilter pfthreshold avic v_vmsave_vmload vgif overflow_recov succor smca
bugs		: sysret_ss_attrs null_seg spectre_v1 spectre_v2 spec_store_bypass
bogomips	: 7385.05
TLB size	: 2560 4K pages
clflush size	: 64
cache_alignment	: 64
address sizes	: 43 bits physical, 48 bits virtual
power management: ts ttp tm hwpstate cpb eff_freq_ro [13] [14]

processor	: 6
vendor_id	: AuthenticAMD
cpu family	: 23
model		: 8
model name	: AMD Ryzen 7 2700X Eight-Core Processor
stepping	: 2
microcode	: 0x8008206
cpu MHz		: 2186.097
cache size	: 512 KB
physical id	: 0
siblings	: 16
core id		: 3
cpu cores	: 8
apicid		: 6
initial apicid	: 6
fpu		: yes
fpu_exception	: yes
cpuid level	: 13
wp		: yes
flags		: fpu vme de pse tsc msr pae mce cx8 apic sep mtrr pge mca cmov pat pse36 clflush mmx fxsr sse sse2 ht syscall nx mmxext fxsr_opt pdpe1gb rdtscp lm constant_tsc rep_good nopl nonstop_tsc cpuid extd_apicid aperfmperf pni pclmulqdq monitor ssse3 fma cx16 sse4_1 sse4_2 movbe popcnt aes xsave avx f16c rdrand lahf_lm cmp_legacy svm extapic cr8_legacy abm sse4a misalignsse 3dnowprefetch osvw skinit wdt tce topoext perfctr_core perfctr_nb bpext perfctr_llc mwaitx cpb hw_pstate sme ssbd sev ibpb vmmcall fsgsbase bmi1 avx2 smep bmi2 rdseed adx smap clflushopt sha_ni xsaveopt xsavec xgetbv1 xsaves clzero irperf xsaveerptr arat npt lbrv svm_lock nrip_save tsc_scale vmcb_clean flushbyasid decodeassists pausefilter pfthreshold avic v_vmsave_vmload vgif overflow_recov succor smca
bugs		: sysret_ss_attrs null_seg spectre_v1 spectre_v2 spec_store_bypass
bogomips	: 7385.05
TLB size	: 2560 4K pages
clflush size	: 64
cache_alignment	: 64
address sizes	: 43 bits physical, 48 bits virtual
power management: ts ttp tm hwpstate cpb eff_freq_ro [13] [14]

processor	: 7
vendor_id	: AuthenticAMD
cpu family	: 23
model		: 8
model name	: AMD Ryzen 7 2700X Eight-Core Processor
stepping	: 2
microcode	: 0x8008206
cpu MHz		: 2148.740
cache size	: 512 KB
physical id	: 0
siblings	: 16
core id		: 3
cpu cores	: 8
apicid		: 7
initial apicid	: 7
fpu		: yes
fpu_exception	: yes
cpuid level	: 13
wp		: yes
flags		: fpu vme de pse tsc msr pae mce cx8 apic sep mtrr pge mca cmov pat pse36 clflush mmx fxsr sse sse2 ht syscall nx mmxext fxsr_opt pdpe1gb rdtscp lm constant_tsc rep_good nopl nonstop_tsc cpuid extd_apicid aperfmperf pni pclmulqdq monitor ssse3 fma cx16 sse4_1 sse4_2 movbe popcnt aes xsave avx f16c rdrand lahf_lm cmp_legacy svm extapic cr8_legacy abm sse4a misalignsse 3dnowprefetch osvw skinit wdt tce topoext perfctr_core perfctr_nb bpext perfctr_llc mwaitx cpb hw_pstate sme ssbd sev ibpb vmmcall fsgsbase bmi1 avx2 smep bmi2 rdseed adx smap clflushopt sha_ni xsaveopt xsavec xgetbv1 xsaves clzero irperf xsaveerptr arat npt lbrv svm_lock nrip_save tsc_scale vmcb_clean flushbyasid decodeassists pausefilter pfthreshold avic v_vmsave_vmload vgif overflow_recov succor smca
bugs		: sysret_ss_attrs null_seg spectre_v1 spectre_v2 spec_store_bypass
bogomips	: 7385.05
TLB size	: 2560 4K pages
clflush size	: 64
cache_alignment	: 64
address sizes	: 43 bits physical, 48 bits virtual
power management: ts ttp tm hwpstate cpb eff_freq_ro [13] [14]

processor	: 8
vendor_id	: AuthenticAMD
cpu family	: 23
model		: 8
model name	: AMD Ryzen 7 2700X Eight-Core Processor
stepping	: 2
microcode	: 0x8008206
cpu MHz		: 2568.135
cache size	: 512 KB
physical id	: 0
siblings	: 16
core id		: 4
cpu cores	: 8
apicid		: 8
initial apicid	: 8
fpu		: yes
fpu_exception	: yes
cpuid level	: 13
wp		: yes
flags		: fpu vme de pse tsc msr pae mce cx8 apic sep mtrr pge mca cmov pat pse36 clflush mmx fxsr sse sse2 ht syscall nx mmxext fxsr_opt pdpe1gb rdtscp lm constant_tsc rep_good nopl nonstop_tsc cpuid extd_apicid aperfmperf pni pclmulqdq monitor ssse3 fma cx16 sse4_1 sse4_2 movbe popcnt aes xsave avx f16c rdrand lahf_lm cmp_legacy svm extapic cr8_legacy abm sse4a misalignsse 3dnowprefetch osvw skinit wdt tce topoext perfctr_core perfctr_nb bpext perfctr_llc mwaitx cpb hw_pstate sme ssbd sev ibpb vmmcall fsgsbase bmi1 avx2 smep bmi2 rdseed adx smap clflushopt sha_ni xsaveopt xsavec xgetbv1 xsaves clzero irperf xsaveerptr arat npt lbrv svm_lock nrip_save tsc_scale vmcb_clean flushbyasid decodeassists pausefilter pfthreshold avic v_vmsave_vmload vgif overflow_recov succor smca
bugs		: sysret_ss_attrs null_seg spectre_v1 spectre_v2 spec_store_bypass
bogomips	: 7385.05
TLB size	: 2560 4K pages
clflush size	: 64
cache_alignment	: 64
address sizes	: 43 bits physical, 48 bits virtual
power management: ts ttp tm hwpstate cpb eff_freq_ro [13] [14]

processor	: 9
vendor_id	: AuthenticAMD
cpu family	: 23
model		: 8
model name	: AMD Ryzen 7 2700X Eight-Core Processor
stepping	: 2
microcode	: 0x8008206
cpu MHz		: 2396.384
cache size	: 512 KB
physical id	: 0
siblings	: 16
core id		: 4
cpu cores	: 8
apicid		: 9
initial apicid	: 9
fpu		: yes
fpu_exception	: yes
cpuid level	: 13
wp		: yes
flags		: fpu vme de pse tsc msr pae mce cx8 apic sep mtrr pge mca cmov pat pse36 clflush mmx fxsr sse sse2 ht syscall nx mmxext fxsr_opt pdpe1gb rdtscp lm constant_tsc rep_good nopl nonstop_tsc cpuid extd_apicid aperfmperf pni pclmulqdq monitor ssse3 fma cx16 sse4_1 sse4_2 movbe popcnt aes xsave avx f16c rdrand lahf_lm cmp_legacy svm extapic cr8_legacy abm sse4a misalignsse 3dnowprefetch osvw skinit wdt tce topoext perfctr_core perfctr_nb bpext perfctr_llc mwaitx cpb hw_pstate sme ssbd sev ibpb vmmcall fsgsbase bmi1 avx2 smep bmi2 rdseed adx smap clflushopt sha_ni xsaveopt xsavec xgetbv1 xsaves clzero irperf xsaveerptr arat npt lbrv svm_lock nrip_save tsc_scale vmcb_clean flushbyasid decodeassists pausefilter pfthreshold avic v_vmsave_vmload vgif overflow_recov succor smca
bugs		: sysret_ss_attrs null_seg spectre_v1 spectre_v2 spec_store_bypass
bogomips	: 7385.05
TLB size	: 2560 4K pages
clflush size	: 64
cache_alignment	: 64
address sizes	: 43 bits physical, 48 bits virtual
power management: ts ttp tm hwpstate cpb eff_freq_ro [13] [14]

processor	: 10
vendor_id	: AuthenticAMD
cpu family	: 23
model		: 8
model name	: AMD Ryzen 7 2700X Eight-Core Processor
stepping	: 2
microcode	: 0x8008206
cpu MHz		: 2151.688
cache size	: 512 KB
physical id	: 0
siblings	: 16
core id		: 5
cpu cores	: 8
apicid		: 10
initial apicid	: 10
fpu		: yes
fpu_exception	: yes
cpuid level	: 13
wp		: yes
flags		: fpu vme de pse tsc msr pae mce cx8 apic sep mtrr pge mca cmov pat pse36 clflush mmx fxsr sse sse2 ht syscall nx mmxext fxsr_opt pdpe1gb rdtscp lm constant_tsc rep_good nopl nonstop_tsc cpuid extd_apicid aperfmperf pni pclmulqdq monitor ssse3 fma cx16 sse4_1 sse4_2 movbe popcnt aes xsave avx f16c rdrand lahf_lm cmp_legacy svm extapic cr8_legacy abm sse4a misalignsse 3dnowprefetch osvw skinit wdt tce topoext perfctr_core perfctr_nb bpext perfctr_llc mwaitx cpb hw_pstate sme ssbd sev ibpb vmmcall fsgsbase bmi1 avx2 smep bmi2 rdseed adx smap clflushopt sha_ni xsaveopt xsavec xgetbv1 xsaves clzero irperf xsaveerptr arat npt lbrv svm_lock nrip_save tsc_scale vmcb_clean flushbyasid decodeassists pausefilter pfthreshold avic v_vmsave_vmload vgif overflow_recov succor smca
bugs		: sysret_ss_attrs null_seg spectre_v1 spectre_v2 spec_store_bypass
bogomips	: 7385.05
TLB size	: 2560 4K pages
clflush size	: 64
cache_alignment	: 64
address sizes	: 43 bits physical, 48 bits virtual
power management: ts ttp tm hwpstate cpb eff_freq_ro [13] [14]

processor	: 11
vendor_id	: AuthenticAMD
cpu family	: 23
model		: 8
model name	: AMD Ryzen 7 2700X Eight-Core Processor
stepping	: 2
microcode	: 0x8008206
cpu MHz		: 2178.854
cache size	: 512 KB
physical id	: 0
siblings	: 16
core id		: 5
cpu cores	: 8
apicid		: 11
initial apicid	: 11
fpu		: yes
fpu_exception	: yes
cpuid level	: 13
wp		: yes
flags		: fpu vme de pse tsc msr pae mce cx8 apic sep mtrr pge mca cmov pat pse36 clflush mmx fxsr sse sse2 ht syscall nx mmxext fxsr_opt pdpe1gb rdtscp lm constant_tsc rep_good nopl nonstop_tsc cpuid extd_apicid aperfmperf pni pclmulqdq monitor ssse3 fma cx16 sse4_1 sse4_2 movbe popcnt aes xsave avx f16c rdrand lahf_lm cmp_legacy svm extapic cr8_legacy abm sse4a misalignsse 3dnowprefetch osvw skinit wdt tce topoext perfctr_core perfctr_nb bpext perfctr_llc mwaitx cpb hw_pstate sme ssbd sev ibpb vmmcall fsgsbase bmi1 avx2 smep bmi2 rdseed adx smap clflushopt sha_ni xsaveopt xsavec xgetbv1 xsaves clzero irperf xsaveerptr arat npt lbrv svm_lock nrip_save tsc_scale vmcb_clean flushbyasid decodeassists pausefilter pfthreshold avic v_vmsave_vmload vgif overflow_recov succor smca
bugs		: sysret_ss_attrs null_seg spectre_v1 spectre_v2 spec_store_bypass
bogomips	: 7385.05
TLB size	: 2560 4K pages
clflush size	: 64
cache_alignment	: 64
address sizes	: 43 bits physical, 48 bits virtual
power management: ts ttp tm hwpstate cpb eff_freq_ro [13] [14]

processor	: 12
vendor_id	: AuthenticAMD
cpu family	: 23
model		: 8
model name	: AMD Ryzen 7 2700X Eight-Core Processor
stepping	: 2
microcode	: 0x8008206
cpu MHz		: 2230.987
cache size	: 512 KB
physical id	: 0
siblings	: 16
core id		: 6
cpu cores	: 8
apicid		: 12
initial apicid	: 12
fpu		: yes
fpu_exception	: yes
cpuid level	: 13
wp		: yes
flags		: fpu vme de pse tsc msr pae mce cx8 apic sep mtrr pge mca cmov pat pse36 clflush mmx fxsr sse sse2 ht syscall nx mmxext fxsr_opt pdpe1gb rdtscp lm constant_tsc rep_good nopl nonstop_tsc cpuid extd_apicid aperfmperf pni pclmulqdq monitor ssse3 fma cx16 sse4_1 sse4_2 movbe popcnt aes xsave avx f16c rdrand lahf_lm cmp_legacy svm extapic cr8_legacy abm sse4a misalignsse 3dnowprefetch osvw skinit wdt tce topoext perfctr_core perfctr_nb bpext perfctr_llc mwaitx cpb hw_pstate sme ssbd sev ibpb vmmcall fsgsbase bmi1 avx2 smep bmi2 rdseed adx smap clflushopt sha_ni xsaveopt xsavec xgetbv1 xsaves clzero irperf xsaveerptr arat npt lbrv svm_lock nrip_save tsc_scale vmcb_clean flushbyasid decodeassists pausefilter pfthreshold avic v_vmsave_vmload vgif overflow_recov succor smca
bugs		: sysret_ss_attrs null_seg spectre_v1 spectre_v2 spec_store_bypass
bogomips	: 7385.05
TLB size	: 2560 4K pages
clflush size	: 64
cache_alignment	: 64
address sizes	: 43 bits physical, 48 bits virtual
power management: ts ttp tm hwpstate cpb eff_freq_ro [13] [14]

processor	: 13
vendor_id	: AuthenticAMD
cpu family	: 23
model		: 8
model name	: AMD Ryzen 7 2700X Eight-Core Processor
stepping	: 2
microcode	: 0x8008206
cpu MHz		: 2556.692
cache size	: 512 KB
physical id	: 0
siblings	: 16
core id		: 6
cpu cores	: 8
apicid		: 13
initial apicid	: 13
fpu		: yes
fpu_exception	: yes
cpuid level	: 13
wp		: yes
flags		: fpu vme de pse tsc msr pae mce cx8 apic sep mtrr pge mca cmov pat pse36 clflush mmx fxsr sse sse2 ht syscall nx mmxext fxsr_opt pdpe1gb rdtscp lm constant_tsc rep_good nopl nonstop_tsc cpuid extd_apicid aperfmperf pni pclmulqdq monitor ssse3 fma cx16 sse4_1 sse4_2 movbe popcnt aes xsave avx f16c rdrand lahf_lm cmp_legacy svm extapic cr8_legacy abm sse4a misalignsse 3dnowprefetch osvw skinit wdt tce topoext perfctr_core perfctr_nb bpext perfctr_llc mwaitx cpb hw_pstate sme ssbd sev ibpb vmmcall fsgsbase bmi1 avx2 smep bmi2 rdseed adx smap clflushopt sha_ni xsaveopt xsavec xgetbv1 xsaves clzero irperf xsaveerptr arat npt lbrv svm_lock nrip_save tsc_scale vmcb_clean flushbyasid decodeassists pausefilter pfthreshold avic v_vmsave_vmload vgif overflow_recov succor smca
bugs		: sysret_ss_attrs null_seg spectre_v1 spectre_v2 spec_store_bypass
bogomips	: 7385.05
TLB size	: 2560 4K pages
clflush size	: 64
cache_alignment	: 64
address sizes	: 43 bits physical, 48 bits virtual
power management: ts ttp tm hwpstate cpb eff_freq_ro [13] [14]

processor	: 14
vendor_id	: AuthenticAMD
cpu family	: 23
model		: 8
model name	: AMD Ryzen 7 2700X Eight-Core Processor
stepping	: 2
microcode	: 0x8008206
cpu MHz		: 2203.331
cache size	: 512 KB
physical id	: 0
siblings	: 16
core id		: 7
cpu cores	: 8
apicid		: 14
initial apicid	: 14
fpu		: yes
fpu_exception	: yes
cpuid level	: 13
wp		: yes
flags		: fpu vme de pse tsc msr pae mce cx8 apic sep mtrr pge mca cmov pat pse36 clflush mmx fxsr sse sse2 ht syscall nx mmxext fxsr_opt pdpe1gb rdtscp lm constant_tsc rep_good nopl nonstop_tsc cpuid extd_apicid aperfmperf pni pclmulqdq monitor ssse3 fma cx16 sse4_1 sse4_2 movbe popcnt aes xsave avx f16c rdrand lahf_lm cmp_legacy svm extapic cr8_legacy abm sse4a misalignsse 3dnowprefetch osvw skinit wdt tce topoext perfctr_core perfctr_nb bpext perfctr_llc mwaitx cpb hw_pstate sme ssbd sev ibpb vmmcall fsgsbase bmi1 avx2 smep bmi2 rdseed adx smap clflushopt sha_ni xsaveopt xsavec xgetbv1 xsaves clzero irperf xsaveerptr arat npt lbrv svm_lock nrip_save tsc_scale vmcb_clean flushbyasid decodeassists pausefilter pfthreshold avic v_vmsave_vmload vgif overflow_recov succor smca
bugs		: sysret_ss_attrs null_seg spectre_v1 spectre_v2 spec_store_bypass
bogomips	: 7385.05
TLB size	: 2560 4K pages
clflush size	: 64
cache_alignment	: 64
address sizes	: 43 bits physical, 48 bits virtual
power management: ts ttp tm hwpstate cpb eff_freq_ro [13] [14]

processor	: 15
vendor_id	: AuthenticAMD
cpu family	: 23
model		: 8
model name	: AMD Ryzen 7 2700X Eight-Core Processor
stepping	: 2
microcode	: 0x8008206
cpu MHz		: 2173.205
cache size	: 512 KB
physical id	: 0
siblings	: 16
core id		: 7
cpu cores	: 8
apicid		: 15
initial apicid	: 15
fpu		: yes
fpu_exception	: yes
cpuid level	: 13
wp		: yes
flags		: fpu vme de pse tsc msr pae mce cx8 apic sep mtrr pge mca cmov pat pse36 clflush mmx fxsr sse sse2 ht syscall nx mmxext fxsr_opt pdpe1gb rdtscp lm constant_tsc rep_good nopl nonstop_tsc cpuid extd_apicid aperfmperf pni pclmulqdq monitor ssse3 fma cx16 sse4_1 sse4_2 movbe popcnt aes xsave avx f16c rdrand lahf_lm cmp_legacy svm extapic cr8_legacy abm sse4a misalignsse 3dnowprefetch osvw skinit wdt tce topoext perfctr_core perfctr_nb bpext perfctr_llc mwaitx cpb hw_pstate sme ssbd sev ibpb vmmcall fsgsbase bmi1 avx2 smep bmi2 rdseed adx smap clflushopt sha_ni xsaveopt xsavec xgetbv1 xsaves clzero irperf xsaveerptr arat npt lbrv svm_lock nrip_save tsc_scale vmcb_clean flushbyasid decodeassists pausefilter pfthreshold avic v_vmsave_vmload vgif overflow_recov succor smca
bugs		: sysret_ss_attrs null_seg spectre_v1 spectre_v2 spec_store_bypass
bogomips	: 7385.05
TLB size	: 2560 4K pages
clflush size	: 64
cache_alignment	: 64
address sizes	: 43 bits physical, 48 bits virtual
power management: ts ttp tm hwpstate cpb eff_freq_ro [13] [14]



Memory: 4k page, physical 32925832k(2042244k free), swap 2097148k(2097148k free)

vm_info: Java HotSpot(TM) 64-Bit Server VM (25.181-b13) for linux-amd64 JRE (1.8.0_181-b13), built on Jul  7 2018 00:56:38 by "java_re" with gcc 4.3.0 20080428 (Red Hat 4.3.0-8)

time: Tue Dec 11 20:50:15 2018
elapsed time: 0 seconds (0d 0h 0m 0s)

